The system is: Linux - 5.15.0-83-generic - x86_64
Compiling the C compiler identification source file "CMakeCCompilerId.c" succeeded.
Compiler: /home/wl/MyCompiler/gcc-linaro-4.9-2016.02-x86_64_arm-linux-gnueabihf/bin/arm-linux-gnueabihf-gcc 
Build flags: 
Id flags:  

The output was:
0


Compilation of the C compiler identification source "CMakeCCompilerId.c" produced "a.out"

The C compiler identification is GNU, found in "/home/wl/CLionProjects/car_8drv_Lite/cmakes/CMakeFiles/3.14.3/CompilerIdC/a.out"

Compiling the CXX compiler identification source file "CMakeCXXCompilerId.cpp" succeeded.
Compiler: /home/wl/MyCompiler/gcc-linaro-4.9-2016.02-x86_64_arm-linux-gnueabihf/bin/arm-linux-gnueabihf-g++ 
Build flags: 
Id flags:  

The output was:
0


Compilation of the CXX compiler identification source "CMakeCXXCompilerId.cpp" produced "a.out"

The CXX compiler identification is GNU, found in "/home/wl/CLionProjects/car_8drv_Lite/cmakes/CMakeFiles/3.14.3/CompilerIdCXX/a.out"

Determining if the C compiler works passed with the following output:
Change Dir: /home/wl/CLionProjects/car_8drv_Lite/cmakes/CMakeFiles/CMakeTmp

Run Build Command(s):/usr/bin/make cmTC_de087/fast 
/usr/bin/make -f CMakeFiles/cmTC_de087.dir/build.make CMakeFiles/cmTC_de087.dir/build
make[1]: 进入目录“/home/wl/CLionProjects/car_8drv_Lite/cmakes/CMakeFiles/CMakeTmp”
Building C object CMakeFiles/cmTC_de087.dir/testCCompiler.c.o
/home/wl/MyCompiler/gcc-linaro-4.9-2016.02-x86_64_arm-linux-gnueabihf/bin/arm-linux-gnueabihf-gcc    -o CMakeFiles/cmTC_de087.dir/testCCompiler.c.o   -c /home/wl/CLionProjects/car_8drv_Lite/cmakes/CMakeFiles/CMakeTmp/testCCompiler.c
Linking C executable cmTC_de087
/home/wl/clion-2019.1.4/bin/cmake/linux/bin/cmake -E cmake_link_script CMakeFiles/cmTC_de087.dir/link.txt --verbose=1
/home/wl/MyCompiler/gcc-linaro-4.9-2016.02-x86_64_arm-linux-gnueabihf/bin/arm-linux-gnueabihf-gcc      CMakeFiles/cmTC_de087.dir/testCCompiler.c.o  -o cmTC_de087 
make[1]: 离开目录“/home/wl/CLionProjects/car_8drv_Lite/cmakes/CMakeFiles/CMakeTmp”


Detecting C compiler ABI info compiled with the following output:
Change Dir: /home/wl/CLionProjects/car_8drv_Lite/cmakes/CMakeFiles/CMakeTmp

Run Build Command(s):/usr/bin/make cmTC_1b63b/fast 
/usr/bin/make -f CMakeFiles/cmTC_1b63b.dir/build.make CMakeFiles/cmTC_1b63b.dir/build
make[1]: Entering directory '/home/wl/CLionProjects/car_8drv_Lite/cmakes/CMakeFiles/CMakeTmp'
Building C object CMakeFiles/cmTC_1b63b.dir/CMakeCCompilerABI.c.o
/home/wl/MyCompiler/gcc-linaro-4.9-2016.02-x86_64_arm-linux-gnueabihf/bin/arm-linux-gnueabihf-gcc   -v -o CMakeFiles/cmTC_1b63b.dir/CMakeCCompilerABI.c.o   -c /home/wl/clion-2019.1.4/bin/cmake/linux/share/cmake-3.14/Modules/CMakeCCompilerABI.c
Using built-in specs.
COLLECT_GCC=/home/wl/MyCompiler/gcc-linaro-4.9-2016.02-x86_64_arm-linux-gnueabihf/bin/arm-linux-gnueabihf-gcc
Target: arm-linux-gnueabihf
Configured with: /home/tcwg-buildslave/workspace/tcwg-make-release/label/tcwg-x86_64-ex40/target/arm-linux-gnueabihf/snapshots/gcc-linaro-4.9-2016.02/configure SHELL=/bin/bash --with-bugurl=https://bugs.linaro.org --with-mpc=/home/tcwg-buildslave/workspace/tcwg-make-release/label/tcwg-x86_64-ex40/target/arm-linux-gnueabihf/_build/builds/destdir/x86_64-unknown-linux-gnu --with-mpfr=/home/tcwg-buildslave/workspace/tcwg-make-release/label/tcwg-x86_64-ex40/target/arm-linux-gnueabihf/_build/builds/destdir/x86_64-unknown-linux-gnu --with-gmp=/home/tcwg-buildslave/workspace/tcwg-make-release/label/tcwg-x86_64-ex40/target/arm-linux-gnueabihf/_build/builds/destdir/x86_64-unknown-linux-gnu --with-gnu-as --with-gnu-ld --disable-libstdcxx-pch --disable-libmudflap --with-cloog=no --with-ppl=no --with-isl=no --disable-nls --enable-c99 --with-tune=cortex-a9 --with-arch=armv7-a --with-fpu=vfpv3-d16 --with-float=hard --with-mode=thumb --disable-multilib --enable-multiarch --with-build-sysroot=/home/tcwg-buildslave/workspace/tcwg-make-release/label/tcwg-x86_64-ex40/target/arm-linux-gnueabihf/_build/sysroots/arm-linux-gnueabihf --enable-lto --enable-linker-build-id --enable-long-long --enable-shared --with-sysroot=/home/tcwg-buildslave/workspace/tcwg-make-release/label/tcwg-x86_64-ex40/target/arm-linux-gnueabihf/_build/builds/destdir/x86_64-unknown-linux-gnu/arm-linux-gnueabihf/libc --enable-languages=c,c++,fortran,lto --enable-checking=release --disable-bootstrap --with-bugurl=https://bugs.linaro.org --build=x86_64-unknown-linux-gnu --host=x86_64-unknown-linux-gnu --target=arm-linux-gnueabihf --prefix=/home/tcwg-buildslave/workspace/tcwg-make-release/label/tcwg-x86_64-ex40/target/arm-linux-gnueabihf/_build/builds/destdir/x86_64-unknown-linux-gnu
Thread model: posix
gcc version 4.9.4 20151028 (prerelease) (Linaro GCC 4.9-2016.02) 
COLLECT_GCC_OPTIONS='-v' '-o' 'CMakeFiles/cmTC_1b63b.dir/CMakeCCompilerABI.c.o' '-c' '-march=armv7-a' '-mtune=cortex-a9' '-mfloat-abi=hard' '-mfpu=vfpv3-d16' '-mthumb' '-mtls-dialect=gnu'
 /home/wl/MyCompiler/gcc-linaro-4.9-2016.02-x86_64_arm-linux-gnueabihf/bin/../libexec/gcc/arm-linux-gnueabihf/4.9.4/cc1 -quiet -v -imultilib . -imultiarch arm-linux-gnueabihf -iprefix /home/wl/MyCompiler/gcc-linaro-4.9-2016.02-x86_64_arm-linux-gnueabihf/bin/../lib/gcc/arm-linux-gnueabihf/4.9.4/ -isysroot /home/wl/MyCompiler/gcc-linaro-4.9-2016.02-x86_64_arm-linux-gnueabihf/bin/../arm-linux-gnueabihf/libc /home/wl/clion-2019.1.4/bin/cmake/linux/share/cmake-3.14/Modules/CMakeCCompilerABI.c -quiet -dumpbase CMakeCCompilerABI.c -march=armv7-a -mtune=cortex-a9 -mfloat-abi=hard -mfpu=vfpv3-d16 -mthumb -mtls-dialect=gnu -auxbase-strip CMakeFiles/cmTC_1b63b.dir/CMakeCCompilerABI.c.o -version -o /tmp/cct2XfV1.s
GNU C (Linaro GCC 4.9-2016.02) version 4.9.4 20151028 (prerelease) (arm-linux-gnueabihf)
	compiled by GNU C version 4.9.2, GMP version 6.0.0, MPFR version 3.1.3, MPC version 1.0.3
GGC heuristics: --param ggc-min-expand=100 --param ggc-min-heapsize=131072
ignoring duplicate directory "/home/wl/MyCompiler/gcc-linaro-4.9-2016.02-x86_64_arm-linux-gnueabihf/bin/../lib/gcc/../../lib/gcc/arm-linux-gnueabihf/4.9.4/include"
ignoring nonexistent directory "/home/wl/MyCompiler/gcc-linaro-4.9-2016.02-x86_64_arm-linux-gnueabihf/bin/../arm-linux-gnueabihf/libc/usr/local/include/arm-linux-gnueabihf"
ignoring nonexistent directory "/home/wl/MyCompiler/gcc-linaro-4.9-2016.02-x86_64_arm-linux-gnueabihf/bin/../arm-linux-gnueabihf/libc/usr/local/include"
ignoring duplicate directory "/home/wl/MyCompiler/gcc-linaro-4.9-2016.02-x86_64_arm-linux-gnueabihf/bin/../lib/gcc/../../lib/gcc/arm-linux-gnueabihf/4.9.4/include-fixed"
ignoring duplicate directory "/home/wl/MyCompiler/gcc-linaro-4.9-2016.02-x86_64_arm-linux-gnueabihf/bin/../lib/gcc/../../lib/gcc/arm-linux-gnueabihf/4.9.4/../../../../arm-linux-gnueabihf/include"
ignoring nonexistent directory "/home/wl/MyCompiler/gcc-linaro-4.9-2016.02-x86_64_arm-linux-gnueabihf/bin/../arm-linux-gnueabihf/libc/usr/include/arm-linux-gnueabihf"
#include "..." search starts here:
#include <...> search starts here:
 /home/wl/MyCompiler/gcc-linaro-4.9-2016.02-x86_64_arm-linux-gnueabihf/bin/../lib/gcc/arm-linux-gnueabihf/4.9.4/include
 /home/wl/MyCompiler/gcc-linaro-4.9-2016.02-x86_64_arm-linux-gnueabihf/bin/../lib/gcc/arm-linux-gnueabihf/4.9.4/include-fixed
 /home/wl/MyCompiler/gcc-linaro-4.9-2016.02-x86_64_arm-linux-gnueabihf/bin/../lib/gcc/arm-linux-gnueabihf/4.9.4/../../../../arm-linux-gnueabihf/include
 /home/wl/MyCompiler/gcc-linaro-4.9-2016.02-x86_64_arm-linux-gnueabihf/bin/../arm-linux-gnueabihf/libc/usr/include
End of search list.
GNU C (Linaro GCC 4.9-2016.02) version 4.9.4 20151028 (prerelease) (arm-linux-gnueabihf)
	compiled by GNU C version 4.9.2, GMP version 6.0.0, MPFR version 3.1.3, MPC version 1.0.3
GGC heuristics: --param ggc-min-expand=100 --param ggc-min-heapsize=131072
Compiler executable checksum: 2e8563e6165969b9304ed81e53ee7fda
COLLECT_GCC_OPTIONS='-v' '-o' 'CMakeFiles/cmTC_1b63b.dir/CMakeCCompilerABI.c.o' '-c' '-march=armv7-a' '-mtune=cortex-a9' '-mfloat-abi=hard' '-mfpu=vfpv3-d16' '-mthumb' '-mtls-dialect=gnu'
 /home/wl/MyCompiler/gcc-linaro-4.9-2016.02-x86_64_arm-linux-gnueabihf/bin/../lib/gcc/arm-linux-gnueabihf/4.9.4/../../../../arm-linux-gnueabihf/bin/as -v -march=armv7-a -mfloat-abi=hard -mfpu=vfpv3-d16 -meabi=5 -o CMakeFiles/cmTC_1b63b.dir/CMakeCCompilerABI.c.o /tmp/cct2XfV1.s
GNU assembler version 2.24.0 (arm-linux-gnueabihf) using BFD version (Linaro_Binutils-2016.02) 2.24.0.20141017 Linaro 2014_11-3-git
COMPILER_PATH=/home/wl/MyCompiler/gcc-linaro-4.9-2016.02-x86_64_arm-linux-gnueabihf/bin/../libexec/gcc/arm-linux-gnueabihf/4.9.4/:/home/wl/MyCompiler/gcc-linaro-4.9-2016.02-x86_64_arm-linux-gnueabihf/bin/../libexec/gcc/arm-linux-gnueabihf/:/home/wl/MyCompiler/gcc-linaro-4.9-2016.02-x86_64_arm-linux-gnueabihf/bin/../libexec/gcc/:/home/wl/MyCompiler/gcc-linaro-4.9-2016.02-x86_64_arm-linux-gnueabihf/bin/../lib/gcc/arm-linux-gnueabihf/4.9.4/../../../../arm-linux-gnueabihf/bin/
LIBRARY_PATH=/home/wl/MyCompiler/gcc-linaro-4.9-2016.02-x86_64_arm-linux-gnueabihf/bin/../lib/gcc/arm-linux-gnueabihf/4.9.4/:/home/wl/MyCompiler/gcc-linaro-4.9-2016.02-x86_64_arm-linux-gnueabihf/bin/../lib/gcc/arm-linux-gnueabihf/:/home/wl/MyCompiler/gcc-linaro-4.9-2016.02-x86_64_arm-linux-gnueabihf/bin/../lib/gcc/:/home/wl/MyCompiler/gcc-linaro-4.9-2016.02-x86_64_arm-linux-gnueabihf/bin/../lib/gcc/arm-linux-gnueabihf/4.9.4/../../../../arm-linux-gnueabihf/lib/:/home/wl/MyCompiler/gcc-linaro-4.9-2016.02-x86_64_arm-linux-gnueabihf/bin/../arm-linux-gnueabihf/libc/lib/:/home/wl/MyCompiler/gcc-linaro-4.9-2016.02-x86_64_arm-linux-gnueabihf/bin/../arm-linux-gnueabihf/libc/usr/lib/
COLLECT_GCC_OPTIONS='-v' '-o' 'CMakeFiles/cmTC_1b63b.dir/CMakeCCompilerABI.c.o' '-c' '-march=armv7-a' '-mtune=cortex-a9' '-mfloat-abi=hard' '-mfpu=vfpv3-d16' '-mthumb' '-mtls-dialect=gnu'
Linking C executable cmTC_1b63b
/home/wl/clion-2019.1.4/bin/cmake/linux/bin/cmake -E cmake_link_script CMakeFiles/cmTC_1b63b.dir/link.txt --verbose=1
/home/wl/MyCompiler/gcc-linaro-4.9-2016.02-x86_64_arm-linux-gnueabihf/bin/arm-linux-gnueabihf-gcc     -v CMakeFiles/cmTC_1b63b.dir/CMakeCCompilerABI.c.o  -o cmTC_1b63b 
Using built-in specs.
COLLECT_GCC=/home/wl/MyCompiler/gcc-linaro-4.9-2016.02-x86_64_arm-linux-gnueabihf/bin/arm-linux-gnueabihf-gcc
COLLECT_LTO_WRAPPER=/home/wl/MyCompiler/gcc-linaro-4.9-2016.02-x86_64_arm-linux-gnueabihf/bin/../libexec/gcc/arm-linux-gnueabihf/4.9.4/lto-wrapper
Target: arm-linux-gnueabihf
Configured with: /home/tcwg-buildslave/workspace/tcwg-make-release/label/tcwg-x86_64-ex40/target/arm-linux-gnueabihf/snapshots/gcc-linaro-4.9-2016.02/configure SHELL=/bin/bash --with-bugurl=https://bugs.linaro.org --with-mpc=/home/tcwg-buildslave/workspace/tcwg-make-release/label/tcwg-x86_64-ex40/target/arm-linux-gnueabihf/_build/builds/destdir/x86_64-unknown-linux-gnu --with-mpfr=/home/tcwg-buildslave/workspace/tcwg-make-release/label/tcwg-x86_64-ex40/target/arm-linux-gnueabihf/_build/builds/destdir/x86_64-unknown-linux-gnu --with-gmp=/home/tcwg-buildslave/workspace/tcwg-make-release/label/tcwg-x86_64-ex40/target/arm-linux-gnueabihf/_build/builds/destdir/x86_64-unknown-linux-gnu --with-gnu-as --with-gnu-ld --disable-libstdcxx-pch --disable-libmudflap --with-cloog=no --with-ppl=no --with-isl=no --disable-nls --enable-c99 --with-tune=cortex-a9 --with-arch=armv7-a --with-fpu=vfpv3-d16 --with-float=hard --with-mode=thumb --disable-multilib --enable-multiarch --with-build-sysroot=/home/tcwg-buildslave/workspace/tcwg-make-release/label/tcwg-x86_64-ex40/target/arm-linux-gnueabihf/_build/sysroots/arm-linux-gnueabihf --enable-lto --enable-linker-build-id --enable-long-long --enable-shared --with-sysroot=/home/tcwg-buildslave/workspace/tcwg-make-release/label/tcwg-x86_64-ex40/target/arm-linux-gnueabihf/_build/builds/destdir/x86_64-unknown-linux-gnu/arm-linux-gnueabihf/libc --enable-languages=c,c++,fortran,lto --enable-checking=release --disable-bootstrap --with-bugurl=https://bugs.linaro.org --build=x86_64-unknown-linux-gnu --host=x86_64-unknown-linux-gnu --target=arm-linux-gnueabihf --prefix=/home/tcwg-buildslave/workspace/tcwg-make-release/label/tcwg-x86_64-ex40/target/arm-linux-gnueabihf/_build/builds/destdir/x86_64-unknown-linux-gnu
Thread model: posix
gcc version 4.9.4 20151028 (prerelease) (Linaro GCC 4.9-2016.02) 
COMPILER_PATH=/home/wl/MyCompiler/gcc-linaro-4.9-2016.02-x86_64_arm-linux-gnueabihf/bin/../libexec/gcc/arm-linux-gnueabihf/4.9.4/:/home/wl/MyCompiler/gcc-linaro-4.9-2016.02-x86_64_arm-linux-gnueabihf/bin/../libexec/gcc/arm-linux-gnueabihf/:/home/wl/MyCompiler/gcc-linaro-4.9-2016.02-x86_64_arm-linux-gnueabihf/bin/../libexec/gcc/:/home/wl/MyCompiler/gcc-linaro-4.9-2016.02-x86_64_arm-linux-gnueabihf/bin/../lib/gcc/arm-linux-gnueabihf/4.9.4/../../../../arm-linux-gnueabihf/bin/
LIBRARY_PATH=/home/wl/MyCompiler/gcc-linaro-4.9-2016.02-x86_64_arm-linux-gnueabihf/bin/../lib/gcc/arm-linux-gnueabihf/4.9.4/:/home/wl/MyCompiler/gcc-linaro-4.9-2016.02-x86_64_arm-linux-gnueabihf/bin/../lib/gcc/arm-linux-gnueabihf/:/home/wl/MyCompiler/gcc-linaro-4.9-2016.02-x86_64_arm-linux-gnueabihf/bin/../lib/gcc/:/home/wl/MyCompiler/gcc-linaro-4.9-2016.02-x86_64_arm-linux-gnueabihf/bin/../lib/gcc/arm-linux-gnueabihf/4.9.4/../../../../arm-linux-gnueabihf/lib/:/home/wl/MyCompiler/gcc-linaro-4.9-2016.02-x86_64_arm-linux-gnueabihf/bin/../arm-linux-gnueabihf/libc/lib/:/home/wl/MyCompiler/gcc-linaro-4.9-2016.02-x86_64_arm-linux-gnueabihf/bin/../arm-linux-gnueabihf/libc/usr/lib/
COLLECT_GCC_OPTIONS='-v' '-o' 'cmTC_1b63b' '-march=armv7-a' '-mtune=cortex-a9' '-mfloat-abi=hard' '-mfpu=vfpv3-d16' '-mthumb' '-mtls-dialect=gnu'
 /home/wl/MyCompiler/gcc-linaro-4.9-2016.02-x86_64_arm-linux-gnueabihf/bin/../libexec/gcc/arm-linux-gnueabihf/4.9.4/collect2 -plugin /home/wl/MyCompiler/gcc-linaro-4.9-2016.02-x86_64_arm-linux-gnueabihf/bin/../libexec/gcc/arm-linux-gnueabihf/4.9.4/liblto_plugin.so -plugin-opt=/home/wl/MyCompiler/gcc-linaro-4.9-2016.02-x86_64_arm-linux-gnueabihf/bin/../libexec/gcc/arm-linux-gnueabihf/4.9.4/lto-wrapper -plugin-opt=-fresolution=/tmp/ccdaf4ft.res -plugin-opt=-pass-through=-lgcc -plugin-opt=-pass-through=-lgcc_s -plugin-opt=-pass-through=-lc -plugin-opt=-pass-through=-lgcc -plugin-opt=-pass-through=-lgcc_s --sysroot=/home/wl/MyCompiler/gcc-linaro-4.9-2016.02-x86_64_arm-linux-gnueabihf/bin/../arm-linux-gnueabihf/libc --build-id --eh-frame-hdr -dynamic-linker /lib/ld-linux-armhf.so.3 -X -m armelf_linux_eabi -o cmTC_1b63b /home/wl/MyCompiler/gcc-linaro-4.9-2016.02-x86_64_arm-linux-gnueabihf/bin/../arm-linux-gnueabihf/libc/usr/lib/crt1.o /home/wl/MyCompiler/gcc-linaro-4.9-2016.02-x86_64_arm-linux-gnueabihf/bin/../arm-linux-gnueabihf/libc/usr/lib/crti.o /home/wl/MyCompiler/gcc-linaro-4.9-2016.02-x86_64_arm-linux-gnueabihf/bin/../lib/gcc/arm-linux-gnueabihf/4.9.4/crtbegin.o -L/home/wl/MyCompiler/gcc-linaro-4.9-2016.02-x86_64_arm-linux-gnueabihf/bin/../lib/gcc/arm-linux-gnueabihf/4.9.4 -L/home/wl/MyCompiler/gcc-linaro-4.9-2016.02-x86_64_arm-linux-gnueabihf/bin/../lib/gcc/arm-linux-gnueabihf -L/home/wl/MyCompiler/gcc-linaro-4.9-2016.02-x86_64_arm-linux-gnueabihf/bin/../lib/gcc -L/home/wl/MyCompiler/gcc-linaro-4.9-2016.02-x86_64_arm-linux-gnueabihf/bin/../lib/gcc/arm-linux-gnueabihf/4.9.4/../../../../arm-linux-gnueabihf/lib -L/home/wl/MyCompiler/gcc-linaro-4.9-2016.02-x86_64_arm-linux-gnueabihf/bin/../arm-linux-gnueabihf/libc/lib -L/home/wl/MyCompiler/gcc-linaro-4.9-2016.02-x86_64_arm-linux-gnueabihf/bin/../arm-linux-gnueabihf/libc/usr/lib CMakeFiles/cmTC_1b63b.dir/CMakeCCompilerABI.c.o -lgcc --as-needed -lgcc_s --no-as-needed -lc -lgcc --as-needed -lgcc_s --no-as-needed /home/wl/MyCompiler/gcc-linaro-4.9-2016.02-x86_64_arm-linux-gnueabihf/bin/../lib/gcc/arm-linux-gnueabihf/4.9.4/crtend.o /home/wl/MyCompiler/gcc-linaro-4.9-2016.02-x86_64_arm-linux-gnueabihf/bin/../arm-linux-gnueabihf/libc/usr/lib/crtn.o
make[1]: Leaving directory '/home/wl/CLionProjects/car_8drv_Lite/cmakes/CMakeFiles/CMakeTmp'


Parsed C implicit include dir info from above output: rv=done
  found start of include info
  found start of implicit include info
    add: [/home/wl/MyCompiler/gcc-linaro-4.9-2016.02-x86_64_arm-linux-gnueabihf/bin/../lib/gcc/arm-linux-gnueabihf/4.9.4/include]
    add: [/home/wl/MyCompiler/gcc-linaro-4.9-2016.02-x86_64_arm-linux-gnueabihf/bin/../lib/gcc/arm-linux-gnueabihf/4.9.4/include-fixed]
    add: [/home/wl/MyCompiler/gcc-linaro-4.9-2016.02-x86_64_arm-linux-gnueabihf/bin/../lib/gcc/arm-linux-gnueabihf/4.9.4/../../../../arm-linux-gnueabihf/include]
    add: [/home/wl/MyCompiler/gcc-linaro-4.9-2016.02-x86_64_arm-linux-gnueabihf/bin/../arm-linux-gnueabihf/libc/usr/include]
  end of search list found
  collapse include dir [/home/wl/MyCompiler/gcc-linaro-4.9-2016.02-x86_64_arm-linux-gnueabihf/bin/../lib/gcc/arm-linux-gnueabihf/4.9.4/include] ==> [/home/wl/MyCompiler/gcc-linaro-4.9-2016.02-x86_64_arm-linux-gnueabihf/lib/gcc/arm-linux-gnueabihf/4.9.4/include]
  collapse include dir [/home/wl/MyCompiler/gcc-linaro-4.9-2016.02-x86_64_arm-linux-gnueabihf/bin/../lib/gcc/arm-linux-gnueabihf/4.9.4/include-fixed] ==> [/home/wl/MyCompiler/gcc-linaro-4.9-2016.02-x86_64_arm-linux-gnueabihf/lib/gcc/arm-linux-gnueabihf/4.9.4/include-fixed]
  collapse include dir [/home/wl/MyCompiler/gcc-linaro-4.9-2016.02-x86_64_arm-linux-gnueabihf/bin/../lib/gcc/arm-linux-gnueabihf/4.9.4/../../../../arm-linux-gnueabihf/include] ==> [/home/wl/MyCompiler/gcc-linaro-4.9-2016.02-x86_64_arm-linux-gnueabihf/arm-linux-gnueabihf/include]
  collapse include dir [/home/wl/MyCompiler/gcc-linaro-4.9-2016.02-x86_64_arm-linux-gnueabihf/bin/../arm-linux-gnueabihf/libc/usr/include] ==> [/home/wl/MyCompiler/gcc-linaro-4.9-2016.02-x86_64_arm-linux-gnueabihf/arm-linux-gnueabihf/libc/usr/include]
  implicit include dirs: [/home/wl/MyCompiler/gcc-linaro-4.9-2016.02-x86_64_arm-linux-gnueabihf/lib/gcc/arm-linux-gnueabihf/4.9.4/include;/home/wl/MyCompiler/gcc-linaro-4.9-2016.02-x86_64_arm-linux-gnueabihf/lib/gcc/arm-linux-gnueabihf/4.9.4/include-fixed;/home/wl/MyCompiler/gcc-linaro-4.9-2016.02-x86_64_arm-linux-gnueabihf/arm-linux-gnueabihf/include;/home/wl/MyCompiler/gcc-linaro-4.9-2016.02-x86_64_arm-linux-gnueabihf/arm-linux-gnueabihf/libc/usr/include]


Parsed C implicit link information from above output:
  link line regex: [^( *|.*[/\])(ld|CMAKE_LINK_STARTFILE-NOTFOUND|([^/\]+-)?ld|collect2)[^/\]*( |$)]
  ignore line: [Change Dir: /home/wl/CLionProjects/car_8drv_Lite/cmakes/CMakeFiles/CMakeTmp]
  ignore line: []
  ignore line: [Run Build Command(s):/usr/bin/make cmTC_1b63b/fast ]
  ignore line: [/usr/bin/make -f CMakeFiles/cmTC_1b63b.dir/build.make CMakeFiles/cmTC_1b63b.dir/build]
  ignore line: [make[1]: Entering directory '/home/wl/CLionProjects/car_8drv_Lite/cmakes/CMakeFiles/CMakeTmp']
  ignore line: [Building C object CMakeFiles/cmTC_1b63b.dir/CMakeCCompilerABI.c.o]
  ignore line: [/home/wl/MyCompiler/gcc-linaro-4.9-2016.02-x86_64_arm-linux-gnueabihf/bin/arm-linux-gnueabihf-gcc   -v -o CMakeFiles/cmTC_1b63b.dir/CMakeCCompilerABI.c.o   -c /home/wl/clion-2019.1.4/bin/cmake/linux/share/cmake-3.14/Modules/CMakeCCompilerABI.c]
  ignore line: [Using built-in specs.]
  ignore line: [COLLECT_GCC=/home/wl/MyCompiler/gcc-linaro-4.9-2016.02-x86_64_arm-linux-gnueabihf/bin/arm-linux-gnueabihf-gcc]
  ignore line: [Target: arm-linux-gnueabihf]
  ignore line: [Configured with: /home/tcwg-buildslave/workspace/tcwg-make-release/label/tcwg-x86_64-ex40/target/arm-linux-gnueabihf/snapshots/gcc-linaro-4.9-2016.02/configure SHELL=/bin/bash --with-bugurl=https://bugs.linaro.org --with-mpc=/home/tcwg-buildslave/workspace/tcwg-make-release/label/tcwg-x86_64-ex40/target/arm-linux-gnueabihf/_build/builds/destdir/x86_64-unknown-linux-gnu --with-mpfr=/home/tcwg-buildslave/workspace/tcwg-make-release/label/tcwg-x86_64-ex40/target/arm-linux-gnueabihf/_build/builds/destdir/x86_64-unknown-linux-gnu --with-gmp=/home/tcwg-buildslave/workspace/tcwg-make-release/label/tcwg-x86_64-ex40/target/arm-linux-gnueabihf/_build/builds/destdir/x86_64-unknown-linux-gnu --with-gnu-as --with-gnu-ld --disable-libstdcxx-pch --disable-libmudflap --with-cloog=no --with-ppl=no --with-isl=no --disable-nls --enable-c99 --with-tune=cortex-a9 --with-arch=armv7-a --with-fpu=vfpv3-d16 --with-float=hard --with-mode=thumb --disable-multilib --enable-multiarch --with-build-sysroot=/home/tcwg-buildslave/workspace/tcwg-make-release/label/tcwg-x86_64-ex40/target/arm-linux-gnueabihf/_build/sysroots/arm-linux-gnueabihf --enable-lto --enable-linker-build-id --enable-long-long --enable-shared --with-sysroot=/home/tcwg-buildslave/workspace/tcwg-make-release/label/tcwg-x86_64-ex40/target/arm-linux-gnueabihf/_build/builds/destdir/x86_64-unknown-linux-gnu/arm-linux-gnueabihf/libc --enable-languages=c,c++,fortran,lto --enable-checking=release --disable-bootstrap --with-bugurl=https://bugs.linaro.org --build=x86_64-unknown-linux-gnu --host=x86_64-unknown-linux-gnu --target=arm-linux-gnueabihf --prefix=/home/tcwg-buildslave/workspace/tcwg-make-release/label/tcwg-x86_64-ex40/target/arm-linux-gnueabihf/_build/builds/destdir/x86_64-unknown-linux-gnu]
  ignore line: [Thread model: posix]
  ignore line: [gcc version 4.9.4 20151028 (prerelease) (Linaro GCC 4.9-2016.02) ]
  ignore line: [COLLECT_GCC_OPTIONS='-v' '-o' 'CMakeFiles/cmTC_1b63b.dir/CMakeCCompilerABI.c.o' '-c' '-march=armv7-a' '-mtune=cortex-a9' '-mfloat-abi=hard' '-mfpu=vfpv3-d16' '-mthumb' '-mtls-dialect=gnu']
  ignore line: [ /home/wl/MyCompiler/gcc-linaro-4.9-2016.02-x86_64_arm-linux-gnueabihf/bin/../libexec/gcc/arm-linux-gnueabihf/4.9.4/cc1 -quiet -v -imultilib . -imultiarch arm-linux-gnueabihf -iprefix /home/wl/MyCompiler/gcc-linaro-4.9-2016.02-x86_64_arm-linux-gnueabihf/bin/../lib/gcc/arm-linux-gnueabihf/4.9.4/ -isysroot /home/wl/MyCompiler/gcc-linaro-4.9-2016.02-x86_64_arm-linux-gnueabihf/bin/../arm-linux-gnueabihf/libc /home/wl/clion-2019.1.4/bin/cmake/linux/share/cmake-3.14/Modules/CMakeCCompilerABI.c -quiet -dumpbase CMakeCCompilerABI.c -march=armv7-a -mtune=cortex-a9 -mfloat-abi=hard -mfpu=vfpv3-d16 -mthumb -mtls-dialect=gnu -auxbase-strip CMakeFiles/cmTC_1b63b.dir/CMakeCCompilerABI.c.o -version -o /tmp/cct2XfV1.s]
  ignore line: [GNU C (Linaro GCC 4.9-2016.02) version 4.9.4 20151028 (prerelease) (arm-linux-gnueabihf)]
  ignore line: [	compiled by GNU C version 4.9.2, GMP version 6.0.0, MPFR version 3.1.3, MPC version 1.0.3]
  ignore line: [GGC heuristics: --param ggc-min-expand=100 --param ggc-min-heapsize=131072]
  ignore line: [ignoring duplicate directory "/home/wl/MyCompiler/gcc-linaro-4.9-2016.02-x86_64_arm-linux-gnueabihf/bin/../lib/gcc/../../lib/gcc/arm-linux-gnueabihf/4.9.4/include"]
  ignore line: [ignoring nonexistent directory "/home/wl/MyCompiler/gcc-linaro-4.9-2016.02-x86_64_arm-linux-gnueabihf/bin/../arm-linux-gnueabihf/libc/usr/local/include/arm-linux-gnueabihf"]
  ignore line: [ignoring nonexistent directory "/home/wl/MyCompiler/gcc-linaro-4.9-2016.02-x86_64_arm-linux-gnueabihf/bin/../arm-linux-gnueabihf/libc/usr/local/include"]
  ignore line: [ignoring duplicate directory "/home/wl/MyCompiler/gcc-linaro-4.9-2016.02-x86_64_arm-linux-gnueabihf/bin/../lib/gcc/../../lib/gcc/arm-linux-gnueabihf/4.9.4/include-fixed"]
  ignore line: [ignoring duplicate directory "/home/wl/MyCompiler/gcc-linaro-4.9-2016.02-x86_64_arm-linux-gnueabihf/bin/../lib/gcc/../../lib/gcc/arm-linux-gnueabihf/4.9.4/../../../../arm-linux-gnueabihf/include"]
  ignore line: [ignoring nonexistent directory "/home/wl/MyCompiler/gcc-linaro-4.9-2016.02-x86_64_arm-linux-gnueabihf/bin/../arm-linux-gnueabihf/libc/usr/include/arm-linux-gnueabihf"]
  ignore line: [#include "..." search starts here:]
  ignore line: [#include <...> search starts here:]
  ignore line: [ /home/wl/MyCompiler/gcc-linaro-4.9-2016.02-x86_64_arm-linux-gnueabihf/bin/../lib/gcc/arm-linux-gnueabihf/4.9.4/include]
  ignore line: [ /home/wl/MyCompiler/gcc-linaro-4.9-2016.02-x86_64_arm-linux-gnueabihf/bin/../lib/gcc/arm-linux-gnueabihf/4.9.4/include-fixed]
  ignore line: [ /home/wl/MyCompiler/gcc-linaro-4.9-2016.02-x86_64_arm-linux-gnueabihf/bin/../lib/gcc/arm-linux-gnueabihf/4.9.4/../../../../arm-linux-gnueabihf/include]
  ignore line: [ /home/wl/MyCompiler/gcc-linaro-4.9-2016.02-x86_64_arm-linux-gnueabihf/bin/../arm-linux-gnueabihf/libc/usr/include]
  ignore line: [End of search list.]
  ignore line: [GNU C (Linaro GCC 4.9-2016.02) version 4.9.4 20151028 (prerelease) (arm-linux-gnueabihf)]
  ignore line: [	compiled by GNU C version 4.9.2, GMP version 6.0.0, MPFR version 3.1.3, MPC version 1.0.3]
  ignore line: [GGC heuristics: --param ggc-min-expand=100 --param ggc-min-heapsize=131072]
  ignore line: [Compiler executable checksum: 2e8563e6165969b9304ed81e53ee7fda]
  ignore line: [COLLECT_GCC_OPTIONS='-v' '-o' 'CMakeFiles/cmTC_1b63b.dir/CMakeCCompilerABI.c.o' '-c' '-march=armv7-a' '-mtune=cortex-a9' '-mfloat-abi=hard' '-mfpu=vfpv3-d16' '-mthumb' '-mtls-dialect=gnu']
  ignore line: [ /home/wl/MyCompiler/gcc-linaro-4.9-2016.02-x86_64_arm-linux-gnueabihf/bin/../lib/gcc/arm-linux-gnueabihf/4.9.4/../../../../arm-linux-gnueabihf/bin/as -v -march=armv7-a -mfloat-abi=hard -mfpu=vfpv3-d16 -meabi=5 -o CMakeFiles/cmTC_1b63b.dir/CMakeCCompilerABI.c.o /tmp/cct2XfV1.s]
  ignore line: [GNU assembler version 2.24.0 (arm-linux-gnueabihf) using BFD version (Linaro_Binutils-2016.02) 2.24.0.20141017 Linaro 2014_11-3-git]
  ignore line: [COMPILER_PATH=/home/wl/MyCompiler/gcc-linaro-4.9-2016.02-x86_64_arm-linux-gnueabihf/bin/../libexec/gcc/arm-linux-gnueabihf/4.9.4/:/home/wl/MyCompiler/gcc-linaro-4.9-2016.02-x86_64_arm-linux-gnueabihf/bin/../libexec/gcc/arm-linux-gnueabihf/:/home/wl/MyCompiler/gcc-linaro-4.9-2016.02-x86_64_arm-linux-gnueabihf/bin/../libexec/gcc/:/home/wl/MyCompiler/gcc-linaro-4.9-2016.02-x86_64_arm-linux-gnueabihf/bin/../lib/gcc/arm-linux-gnueabihf/4.9.4/../../../../arm-linux-gnueabihf/bin/]
  ignore line: [LIBRARY_PATH=/home/wl/MyCompiler/gcc-linaro-4.9-2016.02-x86_64_arm-linux-gnueabihf/bin/../lib/gcc/arm-linux-gnueabihf/4.9.4/:/home/wl/MyCompiler/gcc-linaro-4.9-2016.02-x86_64_arm-linux-gnueabihf/bin/../lib/gcc/arm-linux-gnueabihf/:/home/wl/MyCompiler/gcc-linaro-4.9-2016.02-x86_64_arm-linux-gnueabihf/bin/../lib/gcc/:/home/wl/MyCompiler/gcc-linaro-4.9-2016.02-x86_64_arm-linux-gnueabihf/bin/../lib/gcc/arm-linux-gnueabihf/4.9.4/../../../../arm-linux-gnueabihf/lib/:/home/wl/MyCompiler/gcc-linaro-4.9-2016.02-x86_64_arm-linux-gnueabihf/bin/../arm-linux-gnueabihf/libc/lib/:/home/wl/MyCompiler/gcc-linaro-4.9-2016.02-x86_64_arm-linux-gnueabihf/bin/../arm-linux-gnueabihf/libc/usr/lib/]
  ignore line: [COLLECT_GCC_OPTIONS='-v' '-o' 'CMakeFiles/cmTC_1b63b.dir/CMakeCCompilerABI.c.o' '-c' '-march=armv7-a' '-mtune=cortex-a9' '-mfloat-abi=hard' '-mfpu=vfpv3-d16' '-mthumb' '-mtls-dialect=gnu']
  ignore line: [Linking C executable cmTC_1b63b]
  ignore line: [/home/wl/clion-2019.1.4/bin/cmake/linux/bin/cmake -E cmake_link_script CMakeFiles/cmTC_1b63b.dir/link.txt --verbose=1]
  ignore line: [/home/wl/MyCompiler/gcc-linaro-4.9-2016.02-x86_64_arm-linux-gnueabihf/bin/arm-linux-gnueabihf-gcc     -v CMakeFiles/cmTC_1b63b.dir/CMakeCCompilerABI.c.o  -o cmTC_1b63b ]
  ignore line: [Using built-in specs.]
  ignore line: [COLLECT_GCC=/home/wl/MyCompiler/gcc-linaro-4.9-2016.02-x86_64_arm-linux-gnueabihf/bin/arm-linux-gnueabihf-gcc]
  ignore line: [COLLECT_LTO_WRAPPER=/home/wl/MyCompiler/gcc-linaro-4.9-2016.02-x86_64_arm-linux-gnueabihf/bin/../libexec/gcc/arm-linux-gnueabihf/4.9.4/lto-wrapper]
  ignore line: [Target: arm-linux-gnueabihf]
  ignore line: [Configured with: /home/tcwg-buildslave/workspace/tcwg-make-release/label/tcwg-x86_64-ex40/target/arm-linux-gnueabihf/snapshots/gcc-linaro-4.9-2016.02/configure SHELL=/bin/bash --with-bugurl=https://bugs.linaro.org --with-mpc=/home/tcwg-buildslave/workspace/tcwg-make-release/label/tcwg-x86_64-ex40/target/arm-linux-gnueabihf/_build/builds/destdir/x86_64-unknown-linux-gnu --with-mpfr=/home/tcwg-buildslave/workspace/tcwg-make-release/label/tcwg-x86_64-ex40/target/arm-linux-gnueabihf/_build/builds/destdir/x86_64-unknown-linux-gnu --with-gmp=/home/tcwg-buildslave/workspace/tcwg-make-release/label/tcwg-x86_64-ex40/target/arm-linux-gnueabihf/_build/builds/destdir/x86_64-unknown-linux-gnu --with-gnu-as --with-gnu-ld --disable-libstdcxx-pch --disable-libmudflap --with-cloog=no --with-ppl=no --with-isl=no --disable-nls --enable-c99 --with-tune=cortex-a9 --with-arch=armv7-a --with-fpu=vfpv3-d16 --with-float=hard --with-mode=thumb --disable-multilib --enable-multiarch --with-build-sysroot=/home/tcwg-buildslave/workspace/tcwg-make-release/label/tcwg-x86_64-ex40/target/arm-linux-gnueabihf/_build/sysroots/arm-linux-gnueabihf --enable-lto --enable-linker-build-id --enable-long-long --enable-shared --with-sysroot=/home/tcwg-buildslave/workspace/tcwg-make-release/label/tcwg-x86_64-ex40/target/arm-linux-gnueabihf/_build/builds/destdir/x86_64-unknown-linux-gnu/arm-linux-gnueabihf/libc --enable-languages=c,c++,fortran,lto --enable-checking=release --disable-bootstrap --with-bugurl=https://bugs.linaro.org --build=x86_64-unknown-linux-gnu --host=x86_64-unknown-linux-gnu --target=arm-linux-gnueabihf --prefix=/home/tcwg-buildslave/workspace/tcwg-make-release/label/tcwg-x86_64-ex40/target/arm-linux-gnueabihf/_build/builds/destdir/x86_64-unknown-linux-gnu]
  ignore line: [Thread model: posix]
  ignore line: [gcc version 4.9.4 20151028 (prerelease) (Linaro GCC 4.9-2016.02) ]
  ignore line: [COMPILER_PATH=/home/wl/MyCompiler/gcc-linaro-4.9-2016.02-x86_64_arm-linux-gnueabihf/bin/../libexec/gcc/arm-linux-gnueabihf/4.9.4/:/home/wl/MyCompiler/gcc-linaro-4.9-2016.02-x86_64_arm-linux-gnueabihf/bin/../libexec/gcc/arm-linux-gnueabihf/:/home/wl/MyCompiler/gcc-linaro-4.9-2016.02-x86_64_arm-linux-gnueabihf/bin/../libexec/gcc/:/home/wl/MyCompiler/gcc-linaro-4.9-2016.02-x86_64_arm-linux-gnueabihf/bin/../lib/gcc/arm-linux-gnueabihf/4.9.4/../../../../arm-linux-gnueabihf/bin/]
  ignore line: [LIBRARY_PATH=/home/wl/MyCompiler/gcc-linaro-4.9-2016.02-x86_64_arm-linux-gnueabihf/bin/../lib/gcc/arm-linux-gnueabihf/4.9.4/:/home/wl/MyCompiler/gcc-linaro-4.9-2016.02-x86_64_arm-linux-gnueabihf/bin/../lib/gcc/arm-linux-gnueabihf/:/home/wl/MyCompiler/gcc-linaro-4.9-2016.02-x86_64_arm-linux-gnueabihf/bin/../lib/gcc/:/home/wl/MyCompiler/gcc-linaro-4.9-2016.02-x86_64_arm-linux-gnueabihf/bin/../lib/gcc/arm-linux-gnueabihf/4.9.4/../../../../arm-linux-gnueabihf/lib/:/home/wl/MyCompiler/gcc-linaro-4.9-2016.02-x86_64_arm-linux-gnueabihf/bin/../arm-linux-gnueabihf/libc/lib/:/home/wl/MyCompiler/gcc-linaro-4.9-2016.02-x86_64_arm-linux-gnueabihf/bin/../arm-linux-gnueabihf/libc/usr/lib/]
  ignore line: [COLLECT_GCC_OPTIONS='-v' '-o' 'cmTC_1b63b' '-march=armv7-a' '-mtune=cortex-a9' '-mfloat-abi=hard' '-mfpu=vfpv3-d16' '-mthumb' '-mtls-dialect=gnu']
  link line: [ /home/wl/MyCompiler/gcc-linaro-4.9-2016.02-x86_64_arm-linux-gnueabihf/bin/../libexec/gcc/arm-linux-gnueabihf/4.9.4/collect2 -plugin /home/wl/MyCompiler/gcc-linaro-4.9-2016.02-x86_64_arm-linux-gnueabihf/bin/../libexec/gcc/arm-linux-gnueabihf/4.9.4/liblto_plugin.so -plugin-opt=/home/wl/MyCompiler/gcc-linaro-4.9-2016.02-x86_64_arm-linux-gnueabihf/bin/../libexec/gcc/arm-linux-gnueabihf/4.9.4/lto-wrapper -plugin-opt=-fresolution=/tmp/ccdaf4ft.res -plugin-opt=-pass-through=-lgcc -plugin-opt=-pass-through=-lgcc_s -plugin-opt=-pass-through=-lc -plugin-opt=-pass-through=-lgcc -plugin-opt=-pass-through=-lgcc_s --sysroot=/home/wl/MyCompiler/gcc-linaro-4.9-2016.02-x86_64_arm-linux-gnueabihf/bin/../arm-linux-gnueabihf/libc --build-id --eh-frame-hdr -dynamic-linker /lib/ld-linux-armhf.so.3 -X -m armelf_linux_eabi -o cmTC_1b63b /home/wl/MyCompiler/gcc-linaro-4.9-2016.02-x86_64_arm-linux-gnueabihf/bin/../arm-linux-gnueabihf/libc/usr/lib/crt1.o /home/wl/MyCompiler/gcc-linaro-4.9-2016.02-x86_64_arm-linux-gnueabihf/bin/../arm-linux-gnueabihf/libc/usr/lib/crti.o /home/wl/MyCompiler/gcc-linaro-4.9-2016.02-x86_64_arm-linux-gnueabihf/bin/../lib/gcc/arm-linux-gnueabihf/4.9.4/crtbegin.o -L/home/wl/MyCompiler/gcc-linaro-4.9-2016.02-x86_64_arm-linux-gnueabihf/bin/../lib/gcc/arm-linux-gnueabihf/4.9.4 -L/home/wl/MyCompiler/gcc-linaro-4.9-2016.02-x86_64_arm-linux-gnueabihf/bin/../lib/gcc/arm-linux-gnueabihf -L/home/wl/MyCompiler/gcc-linaro-4.9-2016.02-x86_64_arm-linux-gnueabihf/bin/../lib/gcc -L/home/wl/MyCompiler/gcc-linaro-4.9-2016.02-x86_64_arm-linux-gnueabihf/bin/../lib/gcc/arm-linux-gnueabihf/4.9.4/../../../../arm-linux-gnueabihf/lib -L/home/wl/MyCompiler/gcc-linaro-4.9-2016.02-x86_64_arm-linux-gnueabihf/bin/../arm-linux-gnueabihf/libc/lib -L/home/wl/MyCompiler/gcc-linaro-4.9-2016.02-x86_64_arm-linux-gnueabihf/bin/../arm-linux-gnueabihf/libc/usr/lib CMakeFiles/cmTC_1b63b.dir/CMakeCCompilerABI.c.o -lgcc --as-needed -lgcc_s --no-as-needed -lc -lgcc --as-needed -lgcc_s --no-as-needed /home/wl/MyCompiler/gcc-linaro-4.9-2016.02-x86_64_arm-linux-gnueabihf/bin/../lib/gcc/arm-linux-gnueabihf/4.9.4/crtend.o /home/wl/MyCompiler/gcc-linaro-4.9-2016.02-x86_64_arm-linux-gnueabihf/bin/../arm-linux-gnueabihf/libc/usr/lib/crtn.o]
    arg [/home/wl/MyCompiler/gcc-linaro-4.9-2016.02-x86_64_arm-linux-gnueabihf/bin/../libexec/gcc/arm-linux-gnueabihf/4.9.4/collect2] ==> ignore
    arg [-plugin] ==> ignore
    arg [/home/wl/MyCompiler/gcc-linaro-4.9-2016.02-x86_64_arm-linux-gnueabihf/bin/../libexec/gcc/arm-linux-gnueabihf/4.9.4/liblto_plugin.so] ==> ignore
    arg [-plugin-opt=/home/wl/MyCompiler/gcc-linaro-4.9-2016.02-x86_64_arm-linux-gnueabihf/bin/../libexec/gcc/arm-linux-gnueabihf/4.9.4/lto-wrapper] ==> ignore
    arg [-plugin-opt=-fresolution=/tmp/ccdaf4ft.res] ==> ignore
    arg [-plugin-opt=-pass-through=-lgcc] ==> ignore
    arg [-plugin-opt=-pass-through=-lgcc_s] ==> ignore
    arg [-plugin-opt=-pass-through=-lc] ==> ignore
    arg [-plugin-opt=-pass-through=-lgcc] ==> ignore
    arg [-plugin-opt=-pass-through=-lgcc_s] ==> ignore
    arg [--sysroot=/home/wl/MyCompiler/gcc-linaro-4.9-2016.02-x86_64_arm-linux-gnueabihf/bin/../arm-linux-gnueabihf/libc] ==> ignore
    arg [--build-id] ==> ignore
    arg [--eh-frame-hdr] ==> ignore
    arg [-dynamic-linker] ==> ignore
    arg [/lib/ld-linux-armhf.so.3] ==> ignore
    arg [-X] ==> ignore
    arg [-m] ==> ignore
    arg [armelf_linux_eabi] ==> ignore
    arg [-o] ==> ignore
    arg [cmTC_1b63b] ==> ignore
    arg [/home/wl/MyCompiler/gcc-linaro-4.9-2016.02-x86_64_arm-linux-gnueabihf/bin/../arm-linux-gnueabihf/libc/usr/lib/crt1.o] ==> ignore
    arg [/home/wl/MyCompiler/gcc-linaro-4.9-2016.02-x86_64_arm-linux-gnueabihf/bin/../arm-linux-gnueabihf/libc/usr/lib/crti.o] ==> ignore
    arg [/home/wl/MyCompiler/gcc-linaro-4.9-2016.02-x86_64_arm-linux-gnueabihf/bin/../lib/gcc/arm-linux-gnueabihf/4.9.4/crtbegin.o] ==> ignore
    arg [-L/home/wl/MyCompiler/gcc-linaro-4.9-2016.02-x86_64_arm-linux-gnueabihf/bin/../lib/gcc/arm-linux-gnueabihf/4.9.4] ==> dir [/home/wl/MyCompiler/gcc-linaro-4.9-2016.02-x86_64_arm-linux-gnueabihf/bin/../lib/gcc/arm-linux-gnueabihf/4.9.4]
    arg [-L/home/wl/MyCompiler/gcc-linaro-4.9-2016.02-x86_64_arm-linux-gnueabihf/bin/../lib/gcc/arm-linux-gnueabihf] ==> dir [/home/wl/MyCompiler/gcc-linaro-4.9-2016.02-x86_64_arm-linux-gnueabihf/bin/../lib/gcc/arm-linux-gnueabihf]
    arg [-L/home/wl/MyCompiler/gcc-linaro-4.9-2016.02-x86_64_arm-linux-gnueabihf/bin/../lib/gcc] ==> dir [/home/wl/MyCompiler/gcc-linaro-4.9-2016.02-x86_64_arm-linux-gnueabihf/bin/../lib/gcc]
    arg [-L/home/wl/MyCompiler/gcc-linaro-4.9-2016.02-x86_64_arm-linux-gnueabihf/bin/../lib/gcc/arm-linux-gnueabihf/4.9.4/../../../../arm-linux-gnueabihf/lib] ==> dir [/home/wl/MyCompiler/gcc-linaro-4.9-2016.02-x86_64_arm-linux-gnueabihf/bin/../lib/gcc/arm-linux-gnueabihf/4.9.4/../../../../arm-linux-gnueabihf/lib]
    arg [-L/home/wl/MyCompiler/gcc-linaro-4.9-2016.02-x86_64_arm-linux-gnueabihf/bin/../arm-linux-gnueabihf/libc/lib] ==> dir [/home/wl/MyCompiler/gcc-linaro-4.9-2016.02-x86_64_arm-linux-gnueabihf/bin/../arm-linux-gnueabihf/libc/lib]
    arg [-L/home/wl/MyCompiler/gcc-linaro-4.9-2016.02-x86_64_arm-linux-gnueabihf/bin/../arm-linux-gnueabihf/libc/usr/lib] ==> dir [/home/wl/MyCompiler/gcc-linaro-4.9-2016.02-x86_64_arm-linux-gnueabihf/bin/../arm-linux-gnueabihf/libc/usr/lib]
    arg [CMakeFiles/cmTC_1b63b.dir/CMakeCCompilerABI.c.o] ==> ignore
    arg [-lgcc] ==> lib [gcc]
    arg [--as-needed] ==> ignore
    arg [-lgcc_s] ==> lib [gcc_s]
    arg [--no-as-needed] ==> ignore
    arg [-lc] ==> lib [c]
    arg [-lgcc] ==> lib [gcc]
    arg [--as-needed] ==> ignore
    arg [-lgcc_s] ==> lib [gcc_s]
    arg [--no-as-needed] ==> ignore
    arg [/home/wl/MyCompiler/gcc-linaro-4.9-2016.02-x86_64_arm-linux-gnueabihf/bin/../lib/gcc/arm-linux-gnueabihf/4.9.4/crtend.o] ==> ignore
    arg [/home/wl/MyCompiler/gcc-linaro-4.9-2016.02-x86_64_arm-linux-gnueabihf/bin/../arm-linux-gnueabihf/libc/usr/lib/crtn.o] ==> ignore
  collapse library dir [/home/wl/MyCompiler/gcc-linaro-4.9-2016.02-x86_64_arm-linux-gnueabihf/bin/../lib/gcc/arm-linux-gnueabihf/4.9.4] ==> [/home/wl/MyCompiler/gcc-linaro-4.9-2016.02-x86_64_arm-linux-gnueabihf/lib/gcc/arm-linux-gnueabihf/4.9.4]
  collapse library dir [/home/wl/MyCompiler/gcc-linaro-4.9-2016.02-x86_64_arm-linux-gnueabihf/bin/../lib/gcc/arm-linux-gnueabihf] ==> [/home/wl/MyCompiler/gcc-linaro-4.9-2016.02-x86_64_arm-linux-gnueabihf/lib/gcc/arm-linux-gnueabihf]
  collapse library dir [/home/wl/MyCompiler/gcc-linaro-4.9-2016.02-x86_64_arm-linux-gnueabihf/bin/../lib/gcc] ==> [/home/wl/MyCompiler/gcc-linaro-4.9-2016.02-x86_64_arm-linux-gnueabihf/lib/gcc]
  collapse library dir [/home/wl/MyCompiler/gcc-linaro-4.9-2016.02-x86_64_arm-linux-gnueabihf/bin/../lib/gcc/arm-linux-gnueabihf/4.9.4/../../../../arm-linux-gnueabihf/lib] ==> [/home/wl/MyCompiler/gcc-linaro-4.9-2016.02-x86_64_arm-linux-gnueabihf/arm-linux-gnueabihf/lib]
  collapse library dir [/home/wl/MyCompiler/gcc-linaro-4.9-2016.02-x86_64_arm-linux-gnueabihf/bin/../arm-linux-gnueabihf/libc/lib] ==> [/home/wl/MyCompiler/gcc-linaro-4.9-2016.02-x86_64_arm-linux-gnueabihf/arm-linux-gnueabihf/libc/lib]
  collapse library dir [/home/wl/MyCompiler/gcc-linaro-4.9-2016.02-x86_64_arm-linux-gnueabihf/bin/../arm-linux-gnueabihf/libc/usr/lib] ==> [/home/wl/MyCompiler/gcc-linaro-4.9-2016.02-x86_64_arm-linux-gnueabihf/arm-linux-gnueabihf/libc/usr/lib]
  implicit libs: [gcc;gcc_s;c;gcc;gcc_s]
  implicit dirs: [/home/wl/MyCompiler/gcc-linaro-4.9-2016.02-x86_64_arm-linux-gnueabihf/lib/gcc/arm-linux-gnueabihf/4.9.4;/home/wl/MyCompiler/gcc-linaro-4.9-2016.02-x86_64_arm-linux-gnueabihf/lib/gcc/arm-linux-gnueabihf;/home/wl/MyCompiler/gcc-linaro-4.9-2016.02-x86_64_arm-linux-gnueabihf/lib/gcc;/home/wl/MyCompiler/gcc-linaro-4.9-2016.02-x86_64_arm-linux-gnueabihf/arm-linux-gnueabihf/lib;/home/wl/MyCompiler/gcc-linaro-4.9-2016.02-x86_64_arm-linux-gnueabihf/arm-linux-gnueabihf/libc/lib;/home/wl/MyCompiler/gcc-linaro-4.9-2016.02-x86_64_arm-linux-gnueabihf/arm-linux-gnueabihf/libc/usr/lib]
  implicit fwks: []




Detecting C [-std=c11] compiler features compiled with the following output:
Change Dir: /home/wl/CLionProjects/car_8drv_Lite/cmakes/CMakeFiles/CMakeTmp

Run Build Command(s):/usr/bin/make cmTC_25fd6/fast 
/usr/bin/make -f CMakeFiles/cmTC_25fd6.dir/build.make CMakeFiles/cmTC_25fd6.dir/build
make[1]: 进入目录“/home/wl/CLionProjects/car_8drv_Lite/cmakes/CMakeFiles/CMakeTmp”
Building C object CMakeFiles/cmTC_25fd6.dir/feature_tests.c.o
/home/wl/MyCompiler/gcc-linaro-4.9-2016.02-x86_64_arm-linux-gnueabihf/bin/arm-linux-gnueabihf-gcc   -std=c11 -o CMakeFiles/cmTC_25fd6.dir/feature_tests.c.o   -c /home/wl/CLionProjects/car_8drv_Lite/cmakes/CMakeFiles/feature_tests.c
Linking C executable cmTC_25fd6
/home/wl/clion-2019.1.4/bin/cmake/linux/bin/cmake -E cmake_link_script CMakeFiles/cmTC_25fd6.dir/link.txt --verbose=1
/home/wl/MyCompiler/gcc-linaro-4.9-2016.02-x86_64_arm-linux-gnueabihf/bin/arm-linux-gnueabihf-gcc      CMakeFiles/cmTC_25fd6.dir/feature_tests.c.o  -o cmTC_25fd6 
make[1]: 离开目录“/home/wl/CLionProjects/car_8drv_Lite/cmakes/CMakeFiles/CMakeTmp”


    Feature record: C_FEATURE:1c_function_prototypes
    Feature record: C_FEATURE:1c_restrict
    Feature record: C_FEATURE:1c_static_assert
    Feature record: C_FEATURE:1c_variadic_macros


Detecting C [-std=c99] compiler features compiled with the following output:
Change Dir: /home/wl/CLionProjects/car_8drv_Lite/cmakes/CMakeFiles/CMakeTmp

Run Build Command(s):/usr/bin/make cmTC_fa492/fast 
/usr/bin/make -f CMakeFiles/cmTC_fa492.dir/build.make CMakeFiles/cmTC_fa492.dir/build
make[1]: 进入目录“/home/wl/CLionProjects/car_8drv_Lite/cmakes/CMakeFiles/CMakeTmp”
Building C object CMakeFiles/cmTC_fa492.dir/feature_tests.c.o
/home/wl/MyCompiler/gcc-linaro-4.9-2016.02-x86_64_arm-linux-gnueabihf/bin/arm-linux-gnueabihf-gcc   -std=c99 -o CMakeFiles/cmTC_fa492.dir/feature_tests.c.o   -c /home/wl/CLionProjects/car_8drv_Lite/cmakes/CMakeFiles/feature_tests.c
Linking C executable cmTC_fa492
/home/wl/clion-2019.1.4/bin/cmake/linux/bin/cmake -E cmake_link_script CMakeFiles/cmTC_fa492.dir/link.txt --verbose=1
/home/wl/MyCompiler/gcc-linaro-4.9-2016.02-x86_64_arm-linux-gnueabihf/bin/arm-linux-gnueabihf-gcc      CMakeFiles/cmTC_fa492.dir/feature_tests.c.o  -o cmTC_fa492 
make[1]: 离开目录“/home/wl/CLionProjects/car_8drv_Lite/cmakes/CMakeFiles/CMakeTmp”


    Feature record: C_FEATURE:1c_function_prototypes
    Feature record: C_FEATURE:1c_restrict
    Feature record: C_FEATURE:0c_static_assert
    Feature record: C_FEATURE:1c_variadic_macros


Detecting C [-std=c90] compiler features compiled with the following output:
Change Dir: /home/wl/CLionProjects/car_8drv_Lite/cmakes/CMakeFiles/CMakeTmp

Run Build Command(s):/usr/bin/make cmTC_8bdc8/fast 
/usr/bin/make -f CMakeFiles/cmTC_8bdc8.dir/build.make CMakeFiles/cmTC_8bdc8.dir/build
make[1]: 进入目录“/home/wl/CLionProjects/car_8drv_Lite/cmakes/CMakeFiles/CMakeTmp”
Building C object CMakeFiles/cmTC_8bdc8.dir/feature_tests.c.o
/home/wl/MyCompiler/gcc-linaro-4.9-2016.02-x86_64_arm-linux-gnueabihf/bin/arm-linux-gnueabihf-gcc   -std=c90 -o CMakeFiles/cmTC_8bdc8.dir/feature_tests.c.o   -c /home/wl/CLionProjects/car_8drv_Lite/cmakes/CMakeFiles/feature_tests.c
Linking C executable cmTC_8bdc8
/home/wl/clion-2019.1.4/bin/cmake/linux/bin/cmake -E cmake_link_script CMakeFiles/cmTC_8bdc8.dir/link.txt --verbose=1
/home/wl/MyCompiler/gcc-linaro-4.9-2016.02-x86_64_arm-linux-gnueabihf/bin/arm-linux-gnueabihf-gcc      CMakeFiles/cmTC_8bdc8.dir/feature_tests.c.o  -o cmTC_8bdc8 
make[1]: 离开目录“/home/wl/CLionProjects/car_8drv_Lite/cmakes/CMakeFiles/CMakeTmp”


    Feature record: C_FEATURE:1c_function_prototypes
    Feature record: C_FEATURE:0c_restrict
    Feature record: C_FEATURE:0c_static_assert
    Feature record: C_FEATURE:0c_variadic_macros
Determining if the CXX compiler works passed with the following output:
Change Dir: /home/wl/CLionProjects/car_8drv_Lite/cmakes/CMakeFiles/CMakeTmp

Run Build Command(s):/usr/bin/make cmTC_6224e/fast 
/usr/bin/make -f CMakeFiles/cmTC_6224e.dir/build.make CMakeFiles/cmTC_6224e.dir/build
make[1]: 进入目录“/home/wl/CLionProjects/car_8drv_Lite/cmakes/CMakeFiles/CMakeTmp”
Building CXX object CMakeFiles/cmTC_6224e.dir/testCXXCompiler.cxx.o
/home/wl/MyCompiler/gcc-linaro-4.9-2016.02-x86_64_arm-linux-gnueabihf/bin/arm-linux-gnueabihf-g++     -o CMakeFiles/cmTC_6224e.dir/testCXXCompiler.cxx.o -c /home/wl/CLionProjects/car_8drv_Lite/cmakes/CMakeFiles/CMakeTmp/testCXXCompiler.cxx
Linking CXX executable cmTC_6224e
/home/wl/clion-2019.1.4/bin/cmake/linux/bin/cmake -E cmake_link_script CMakeFiles/cmTC_6224e.dir/link.txt --verbose=1
/home/wl/MyCompiler/gcc-linaro-4.9-2016.02-x86_64_arm-linux-gnueabihf/bin/arm-linux-gnueabihf-g++       CMakeFiles/cmTC_6224e.dir/testCXXCompiler.cxx.o  -o cmTC_6224e 
make[1]: 离开目录“/home/wl/CLionProjects/car_8drv_Lite/cmakes/CMakeFiles/CMakeTmp”


Detecting CXX compiler ABI info compiled with the following output:
Change Dir: /home/wl/CLionProjects/car_8drv_Lite/cmakes/CMakeFiles/CMakeTmp

Run Build Command(s):/usr/bin/make cmTC_3884b/fast 
/usr/bin/make -f CMakeFiles/cmTC_3884b.dir/build.make CMakeFiles/cmTC_3884b.dir/build
make[1]: Entering directory '/home/wl/CLionProjects/car_8drv_Lite/cmakes/CMakeFiles/CMakeTmp'
Building CXX object CMakeFiles/cmTC_3884b.dir/CMakeCXXCompilerABI.cpp.o
/home/wl/MyCompiler/gcc-linaro-4.9-2016.02-x86_64_arm-linux-gnueabihf/bin/arm-linux-gnueabihf-g++    -v -o CMakeFiles/cmTC_3884b.dir/CMakeCXXCompilerABI.cpp.o -c /home/wl/clion-2019.1.4/bin/cmake/linux/share/cmake-3.14/Modules/CMakeCXXCompilerABI.cpp
Using built-in specs.
COLLECT_GCC=/home/wl/MyCompiler/gcc-linaro-4.9-2016.02-x86_64_arm-linux-gnueabihf/bin/arm-linux-gnueabihf-g++
Target: arm-linux-gnueabihf
Configured with: /home/tcwg-buildslave/workspace/tcwg-make-release/label/tcwg-x86_64-ex40/target/arm-linux-gnueabihf/snapshots/gcc-linaro-4.9-2016.02/configure SHELL=/bin/bash --with-bugurl=https://bugs.linaro.org --with-mpc=/home/tcwg-buildslave/workspace/tcwg-make-release/label/tcwg-x86_64-ex40/target/arm-linux-gnueabihf/_build/builds/destdir/x86_64-unknown-linux-gnu --with-mpfr=/home/tcwg-buildslave/workspace/tcwg-make-release/label/tcwg-x86_64-ex40/target/arm-linux-gnueabihf/_build/builds/destdir/x86_64-unknown-linux-gnu --with-gmp=/home/tcwg-buildslave/workspace/tcwg-make-release/label/tcwg-x86_64-ex40/target/arm-linux-gnueabihf/_build/builds/destdir/x86_64-unknown-linux-gnu --with-gnu-as --with-gnu-ld --disable-libstdcxx-pch --disable-libmudflap --with-cloog=no --with-ppl=no --with-isl=no --disable-nls --enable-c99 --with-tune=cortex-a9 --with-arch=armv7-a --with-fpu=vfpv3-d16 --with-float=hard --with-mode=thumb --disable-multilib --enable-multiarch --with-build-sysroot=/home/tcwg-buildslave/workspace/tcwg-make-release/label/tcwg-x86_64-ex40/target/arm-linux-gnueabihf/_build/sysroots/arm-linux-gnueabihf --enable-lto --enable-linker-build-id --enable-long-long --enable-shared --with-sysroot=/home/tcwg-buildslave/workspace/tcwg-make-release/label/tcwg-x86_64-ex40/target/arm-linux-gnueabihf/_build/builds/destdir/x86_64-unknown-linux-gnu/arm-linux-gnueabihf/libc --enable-languages=c,c++,fortran,lto --enable-checking=release --disable-bootstrap --with-bugurl=https://bugs.linaro.org --build=x86_64-unknown-linux-gnu --host=x86_64-unknown-linux-gnu --target=arm-linux-gnueabihf --prefix=/home/tcwg-buildslave/workspace/tcwg-make-release/label/tcwg-x86_64-ex40/target/arm-linux-gnueabihf/_build/builds/destdir/x86_64-unknown-linux-gnu
Thread model: posix
gcc version 4.9.4 20151028 (prerelease) (Linaro GCC 4.9-2016.02) 
COLLECT_GCC_OPTIONS='-v' '-o' 'CMakeFiles/cmTC_3884b.dir/CMakeCXXCompilerABI.cpp.o' '-c' '-shared-libgcc' '-march=armv7-a' '-mtune=cortex-a9' '-mfloat-abi=hard' '-mfpu=vfpv3-d16' '-mthumb' '-mtls-dialect=gnu'
 /home/wl/MyCompiler/gcc-linaro-4.9-2016.02-x86_64_arm-linux-gnueabihf/bin/../libexec/gcc/arm-linux-gnueabihf/4.9.4/cc1plus -quiet -v -imultilib . -imultiarch arm-linux-gnueabihf -iprefix /home/wl/MyCompiler/gcc-linaro-4.9-2016.02-x86_64_arm-linux-gnueabihf/bin/../lib/gcc/arm-linux-gnueabihf/4.9.4/ -isysroot /home/wl/MyCompiler/gcc-linaro-4.9-2016.02-x86_64_arm-linux-gnueabihf/bin/../arm-linux-gnueabihf/libc -D_GNU_SOURCE /home/wl/clion-2019.1.4/bin/cmake/linux/share/cmake-3.14/Modules/CMakeCXXCompilerABI.cpp -quiet -dumpbase CMakeCXXCompilerABI.cpp -march=armv7-a -mtune=cortex-a9 -mfloat-abi=hard -mfpu=vfpv3-d16 -mthumb -mtls-dialect=gnu -auxbase-strip CMakeFiles/cmTC_3884b.dir/CMakeCXXCompilerABI.cpp.o -version -o /tmp/cctO9PqV.s
GNU C++ (Linaro GCC 4.9-2016.02) version 4.9.4 20151028 (prerelease) (arm-linux-gnueabihf)
	compiled by GNU C version 4.9.2, GMP version 6.0.0, MPFR version 3.1.3, MPC version 1.0.3
GGC heuristics: --param ggc-min-expand=100 --param ggc-min-heapsize=131072
ignoring duplicate directory "/home/wl/MyCompiler/gcc-linaro-4.9-2016.02-x86_64_arm-linux-gnueabihf/bin/../lib/gcc/../../lib/gcc/arm-linux-gnueabihf/4.9.4/../../../../arm-linux-gnueabihf/include/c++/4.9.4"
ignoring duplicate directory "/home/wl/MyCompiler/gcc-linaro-4.9-2016.02-x86_64_arm-linux-gnueabihf/bin/../lib/gcc/../../lib/gcc/arm-linux-gnueabihf/4.9.4/../../../../arm-linux-gnueabihf/include/c++/4.9.4/arm-linux-gnueabihf/."
ignoring duplicate directory "/home/wl/MyCompiler/gcc-linaro-4.9-2016.02-x86_64_arm-linux-gnueabihf/bin/../lib/gcc/../../lib/gcc/arm-linux-gnueabihf/4.9.4/../../../../arm-linux-gnueabihf/include/c++/4.9.4/backward"
ignoring duplicate directory "/home/wl/MyCompiler/gcc-linaro-4.9-2016.02-x86_64_arm-linux-gnueabihf/bin/../lib/gcc/../../lib/gcc/arm-linux-gnueabihf/4.9.4/include"
ignoring nonexistent directory "/home/wl/MyCompiler/gcc-linaro-4.9-2016.02-x86_64_arm-linux-gnueabihf/bin/../arm-linux-gnueabihf/libc/usr/local/include/arm-linux-gnueabihf"
ignoring nonexistent directory "/home/wl/MyCompiler/gcc-linaro-4.9-2016.02-x86_64_arm-linux-gnueabihf/bin/../arm-linux-gnueabihf/libc/usr/local/include"
ignoring duplicate directory "/home/wl/MyCompiler/gcc-linaro-4.9-2016.02-x86_64_arm-linux-gnueabihf/bin/../lib/gcc/../../lib/gcc/arm-linux-gnueabihf/4.9.4/include-fixed"
ignoring duplicate directory "/home/wl/MyCompiler/gcc-linaro-4.9-2016.02-x86_64_arm-linux-gnueabihf/bin/../lib/gcc/../../lib/gcc/arm-linux-gnueabihf/4.9.4/../../../../arm-linux-gnueabihf/include"
ignoring nonexistent directory "/home/wl/MyCompiler/gcc-linaro-4.9-2016.02-x86_64_arm-linux-gnueabihf/bin/../arm-linux-gnueabihf/libc/usr/include/arm-linux-gnueabihf"
#include "..." search starts here:
#include <...> search starts here:
 /home/wl/MyCompiler/gcc-linaro-4.9-2016.02-x86_64_arm-linux-gnueabihf/bin/../lib/gcc/arm-linux-gnueabihf/4.9.4/../../../../arm-linux-gnueabihf/include/c++/4.9.4
 /home/wl/MyCompiler/gcc-linaro-4.9-2016.02-x86_64_arm-linux-gnueabihf/bin/../lib/gcc/arm-linux-gnueabihf/4.9.4/../../../../arm-linux-gnueabihf/include/c++/4.9.4/arm-linux-gnueabihf/.
 /home/wl/MyCompiler/gcc-linaro-4.9-2016.02-x86_64_arm-linux-gnueabihf/bin/../lib/gcc/arm-linux-gnueabihf/4.9.4/../../../../arm-linux-gnueabihf/include/c++/4.9.4/backward
 /home/wl/MyCompiler/gcc-linaro-4.9-2016.02-x86_64_arm-linux-gnueabihf/bin/../lib/gcc/arm-linux-gnueabihf/4.9.4/include
 /home/wl/MyCompiler/gcc-linaro-4.9-2016.02-x86_64_arm-linux-gnueabihf/bin/../lib/gcc/arm-linux-gnueabihf/4.9.4/include-fixed
 /home/wl/MyCompiler/gcc-linaro-4.9-2016.02-x86_64_arm-linux-gnueabihf/bin/../lib/gcc/arm-linux-gnueabihf/4.9.4/../../../../arm-linux-gnueabihf/include
 /home/wl/MyCompiler/gcc-linaro-4.9-2016.02-x86_64_arm-linux-gnueabihf/bin/../arm-linux-gnueabihf/libc/usr/include
End of search list.
GNU C++ (Linaro GCC 4.9-2016.02) version 4.9.4 20151028 (prerelease) (arm-linux-gnueabihf)
	compiled by GNU C version 4.9.2, GMP version 6.0.0, MPFR version 3.1.3, MPC version 1.0.3
GGC heuristics: --param ggc-min-expand=100 --param ggc-min-heapsize=131072
Compiler executable checksum: eb2e36f4c9ddf8a2d0a4631034a2e2f0
COLLECT_GCC_OPTIONS='-v' '-o' 'CMakeFiles/cmTC_3884b.dir/CMakeCXXCompilerABI.cpp.o' '-c' '-shared-libgcc' '-march=armv7-a' '-mtune=cortex-a9' '-mfloat-abi=hard' '-mfpu=vfpv3-d16' '-mthumb' '-mtls-dialect=gnu'
 /home/wl/MyCompiler/gcc-linaro-4.9-2016.02-x86_64_arm-linux-gnueabihf/bin/../lib/gcc/arm-linux-gnueabihf/4.9.4/../../../../arm-linux-gnueabihf/bin/as -v -march=armv7-a -mfloat-abi=hard -mfpu=vfpv3-d16 -meabi=5 -o CMakeFiles/cmTC_3884b.dir/CMakeCXXCompilerABI.cpp.o /tmp/cctO9PqV.s
GNU assembler version 2.24.0 (arm-linux-gnueabihf) using BFD version (Linaro_Binutils-2016.02) 2.24.0.20141017 Linaro 2014_11-3-git
COMPILER_PATH=/home/wl/MyCompiler/gcc-linaro-4.9-2016.02-x86_64_arm-linux-gnueabihf/bin/../libexec/gcc/arm-linux-gnueabihf/4.9.4/:/home/wl/MyCompiler/gcc-linaro-4.9-2016.02-x86_64_arm-linux-gnueabihf/bin/../libexec/gcc/arm-linux-gnueabihf/:/home/wl/MyCompiler/gcc-linaro-4.9-2016.02-x86_64_arm-linux-gnueabihf/bin/../libexec/gcc/:/home/wl/MyCompiler/gcc-linaro-4.9-2016.02-x86_64_arm-linux-gnueabihf/bin/../lib/gcc/arm-linux-gnueabihf/4.9.4/../../../../arm-linux-gnueabihf/bin/
LIBRARY_PATH=/home/wl/MyCompiler/gcc-linaro-4.9-2016.02-x86_64_arm-linux-gnueabihf/bin/../lib/gcc/arm-linux-gnueabihf/4.9.4/:/home/wl/MyCompiler/gcc-linaro-4.9-2016.02-x86_64_arm-linux-gnueabihf/bin/../lib/gcc/arm-linux-gnueabihf/:/home/wl/MyCompiler/gcc-linaro-4.9-2016.02-x86_64_arm-linux-gnueabihf/bin/../lib/gcc/:/home/wl/MyCompiler/gcc-linaro-4.9-2016.02-x86_64_arm-linux-gnueabihf/bin/../lib/gcc/arm-linux-gnueabihf/4.9.4/../../../../arm-linux-gnueabihf/lib/:/home/wl/MyCompiler/gcc-linaro-4.9-2016.02-x86_64_arm-linux-gnueabihf/bin/../arm-linux-gnueabihf/libc/lib/:/home/wl/MyCompiler/gcc-linaro-4.9-2016.02-x86_64_arm-linux-gnueabihf/bin/../arm-linux-gnueabihf/libc/usr/lib/
COLLECT_GCC_OPTIONS='-v' '-o' 'CMakeFiles/cmTC_3884b.dir/CMakeCXXCompilerABI.cpp.o' '-c' '-shared-libgcc' '-march=armv7-a' '-mtune=cortex-a9' '-mfloat-abi=hard' '-mfpu=vfpv3-d16' '-mthumb' '-mtls-dialect=gnu'
Linking CXX executable cmTC_3884b
/home/wl/clion-2019.1.4/bin/cmake/linux/bin/cmake -E cmake_link_script CMakeFiles/cmTC_3884b.dir/link.txt --verbose=1
/home/wl/MyCompiler/gcc-linaro-4.9-2016.02-x86_64_arm-linux-gnueabihf/bin/arm-linux-gnueabihf-g++      -v CMakeFiles/cmTC_3884b.dir/CMakeCXXCompilerABI.cpp.o  -o cmTC_3884b 
Using built-in specs.
COLLECT_GCC=/home/wl/MyCompiler/gcc-linaro-4.9-2016.02-x86_64_arm-linux-gnueabihf/bin/arm-linux-gnueabihf-g++
COLLECT_LTO_WRAPPER=/home/wl/MyCompiler/gcc-linaro-4.9-2016.02-x86_64_arm-linux-gnueabihf/bin/../libexec/gcc/arm-linux-gnueabihf/4.9.4/lto-wrapper
Target: arm-linux-gnueabihf
Configured with: /home/tcwg-buildslave/workspace/tcwg-make-release/label/tcwg-x86_64-ex40/target/arm-linux-gnueabihf/snapshots/gcc-linaro-4.9-2016.02/configure SHELL=/bin/bash --with-bugurl=https://bugs.linaro.org --with-mpc=/home/tcwg-buildslave/workspace/tcwg-make-release/label/tcwg-x86_64-ex40/target/arm-linux-gnueabihf/_build/builds/destdir/x86_64-unknown-linux-gnu --with-mpfr=/home/tcwg-buildslave/workspace/tcwg-make-release/label/tcwg-x86_64-ex40/target/arm-linux-gnueabihf/_build/builds/destdir/x86_64-unknown-linux-gnu --with-gmp=/home/tcwg-buildslave/workspace/tcwg-make-release/label/tcwg-x86_64-ex40/target/arm-linux-gnueabihf/_build/builds/destdir/x86_64-unknown-linux-gnu --with-gnu-as --with-gnu-ld --disable-libstdcxx-pch --disable-libmudflap --with-cloog=no --with-ppl=no --with-isl=no --disable-nls --enable-c99 --with-tune=cortex-a9 --with-arch=armv7-a --with-fpu=vfpv3-d16 --with-float=hard --with-mode=thumb --disable-multilib --enable-multiarch --with-build-sysroot=/home/tcwg-buildslave/workspace/tcwg-make-release/label/tcwg-x86_64-ex40/target/arm-linux-gnueabihf/_build/sysroots/arm-linux-gnueabihf --enable-lto --enable-linker-build-id --enable-long-long --enable-shared --with-sysroot=/home/tcwg-buildslave/workspace/tcwg-make-release/label/tcwg-x86_64-ex40/target/arm-linux-gnueabihf/_build/builds/destdir/x86_64-unknown-linux-gnu/arm-linux-gnueabihf/libc --enable-languages=c,c++,fortran,lto --enable-checking=release --disable-bootstrap --with-bugurl=https://bugs.linaro.org --build=x86_64-unknown-linux-gnu --host=x86_64-unknown-linux-gnu --target=arm-linux-gnueabihf --prefix=/home/tcwg-buildslave/workspace/tcwg-make-release/label/tcwg-x86_64-ex40/target/arm-linux-gnueabihf/_build/builds/destdir/x86_64-unknown-linux-gnu
Thread model: posix
gcc version 4.9.4 20151028 (prerelease) (Linaro GCC 4.9-2016.02) 
COMPILER_PATH=/home/wl/MyCompiler/gcc-linaro-4.9-2016.02-x86_64_arm-linux-gnueabihf/bin/../libexec/gcc/arm-linux-gnueabihf/4.9.4/:/home/wl/MyCompiler/gcc-linaro-4.9-2016.02-x86_64_arm-linux-gnueabihf/bin/../libexec/gcc/arm-linux-gnueabihf/:/home/wl/MyCompiler/gcc-linaro-4.9-2016.02-x86_64_arm-linux-gnueabihf/bin/../libexec/gcc/:/home/wl/MyCompiler/gcc-linaro-4.9-2016.02-x86_64_arm-linux-gnueabihf/bin/../lib/gcc/arm-linux-gnueabihf/4.9.4/../../../../arm-linux-gnueabihf/bin/
LIBRARY_PATH=/home/wl/MyCompiler/gcc-linaro-4.9-2016.02-x86_64_arm-linux-gnueabihf/bin/../lib/gcc/arm-linux-gnueabihf/4.9.4/:/home/wl/MyCompiler/gcc-linaro-4.9-2016.02-x86_64_arm-linux-gnueabihf/bin/../lib/gcc/arm-linux-gnueabihf/:/home/wl/MyCompiler/gcc-linaro-4.9-2016.02-x86_64_arm-linux-gnueabihf/bin/../lib/gcc/:/home/wl/MyCompiler/gcc-linaro-4.9-2016.02-x86_64_arm-linux-gnueabihf/bin/../lib/gcc/arm-linux-gnueabihf/4.9.4/../../../../arm-linux-gnueabihf/lib/:/home/wl/MyCompiler/gcc-linaro-4.9-2016.02-x86_64_arm-linux-gnueabihf/bin/../arm-linux-gnueabihf/libc/lib/:/home/wl/MyCompiler/gcc-linaro-4.9-2016.02-x86_64_arm-linux-gnueabihf/bin/../arm-linux-gnueabihf/libc/usr/lib/
COLLECT_GCC_OPTIONS='-v' '-o' 'cmTC_3884b' '-shared-libgcc' '-march=armv7-a' '-mtune=cortex-a9' '-mfloat-abi=hard' '-mfpu=vfpv3-d16' '-mthumb' '-mtls-dialect=gnu'
 /home/wl/MyCompiler/gcc-linaro-4.9-2016.02-x86_64_arm-linux-gnueabihf/bin/../libexec/gcc/arm-linux-gnueabihf/4.9.4/collect2 -plugin /home/wl/MyCompiler/gcc-linaro-4.9-2016.02-x86_64_arm-linux-gnueabihf/bin/../libexec/gcc/arm-linux-gnueabihf/4.9.4/liblto_plugin.so -plugin-opt=/home/wl/MyCompiler/gcc-linaro-4.9-2016.02-x86_64_arm-linux-gnueabihf/bin/../libexec/gcc/arm-linux-gnueabihf/4.9.4/lto-wrapper -plugin-opt=-fresolution=/tmp/ccWG0rpk.res -plugin-opt=-pass-through=-lgcc_s -plugin-opt=-pass-through=-lgcc -plugin-opt=-pass-through=-lc -plugin-opt=-pass-through=-lgcc_s -plugin-opt=-pass-through=-lgcc --sysroot=/home/wl/MyCompiler/gcc-linaro-4.9-2016.02-x86_64_arm-linux-gnueabihf/bin/../arm-linux-gnueabihf/libc --build-id --eh-frame-hdr -dynamic-linker /lib/ld-linux-armhf.so.3 -X -m armelf_linux_eabi -o cmTC_3884b /home/wl/MyCompiler/gcc-linaro-4.9-2016.02-x86_64_arm-linux-gnueabihf/bin/../arm-linux-gnueabihf/libc/usr/lib/crt1.o /home/wl/MyCompiler/gcc-linaro-4.9-2016.02-x86_64_arm-linux-gnueabihf/bin/../arm-linux-gnueabihf/libc/usr/lib/crti.o /home/wl/MyCompiler/gcc-linaro-4.9-2016.02-x86_64_arm-linux-gnueabihf/bin/../lib/gcc/arm-linux-gnueabihf/4.9.4/crtbegin.o -L/home/wl/MyCompiler/gcc-linaro-4.9-2016.02-x86_64_arm-linux-gnueabihf/bin/../lib/gcc/arm-linux-gnueabihf/4.9.4 -L/home/wl/MyCompiler/gcc-linaro-4.9-2016.02-x86_64_arm-linux-gnueabihf/bin/../lib/gcc/arm-linux-gnueabihf -L/home/wl/MyCompiler/gcc-linaro-4.9-2016.02-x86_64_arm-linux-gnueabihf/bin/../lib/gcc -L/home/wl/MyCompiler/gcc-linaro-4.9-2016.02-x86_64_arm-linux-gnueabihf/bin/../lib/gcc/arm-linux-gnueabihf/4.9.4/../../../../arm-linux-gnueabihf/lib -L/home/wl/MyCompiler/gcc-linaro-4.9-2016.02-x86_64_arm-linux-gnueabihf/bin/../arm-linux-gnueabihf/libc/lib -L/home/wl/MyCompiler/gcc-linaro-4.9-2016.02-x86_64_arm-linux-gnueabihf/bin/../arm-linux-gnueabihf/libc/usr/lib CMakeFiles/cmTC_3884b.dir/CMakeCXXCompilerABI.cpp.o -lstdc++ -lm -lgcc_s -lgcc -lc -lgcc_s -lgcc /home/wl/MyCompiler/gcc-linaro-4.9-2016.02-x86_64_arm-linux-gnueabihf/bin/../lib/gcc/arm-linux-gnueabihf/4.9.4/crtend.o /home/wl/MyCompiler/gcc-linaro-4.9-2016.02-x86_64_arm-linux-gnueabihf/bin/../arm-linux-gnueabihf/libc/usr/lib/crtn.o
make[1]: Leaving directory '/home/wl/CLionProjects/car_8drv_Lite/cmakes/CMakeFiles/CMakeTmp'


Parsed CXX implicit include dir info from above output: rv=done
  found start of include info
  found start of implicit include info
    add: [/home/wl/MyCompiler/gcc-linaro-4.9-2016.02-x86_64_arm-linux-gnueabihf/bin/../lib/gcc/arm-linux-gnueabihf/4.9.4/../../../../arm-linux-gnueabihf/include/c++/4.9.4]
    add: [/home/wl/MyCompiler/gcc-linaro-4.9-2016.02-x86_64_arm-linux-gnueabihf/bin/../lib/gcc/arm-linux-gnueabihf/4.9.4/../../../../arm-linux-gnueabihf/include/c++/4.9.4/arm-linux-gnueabihf/.]
    add: [/home/wl/MyCompiler/gcc-linaro-4.9-2016.02-x86_64_arm-linux-gnueabihf/bin/../lib/gcc/arm-linux-gnueabihf/4.9.4/../../../../arm-linux-gnueabihf/include/c++/4.9.4/backward]
    add: [/home/wl/MyCompiler/gcc-linaro-4.9-2016.02-x86_64_arm-linux-gnueabihf/bin/../lib/gcc/arm-linux-gnueabihf/4.9.4/include]
    add: [/home/wl/MyCompiler/gcc-linaro-4.9-2016.02-x86_64_arm-linux-gnueabihf/bin/../lib/gcc/arm-linux-gnueabihf/4.9.4/include-fixed]
    add: [/home/wl/MyCompiler/gcc-linaro-4.9-2016.02-x86_64_arm-linux-gnueabihf/bin/../lib/gcc/arm-linux-gnueabihf/4.9.4/../../../../arm-linux-gnueabihf/include]
    add: [/home/wl/MyCompiler/gcc-linaro-4.9-2016.02-x86_64_arm-linux-gnueabihf/bin/../arm-linux-gnueabihf/libc/usr/include]
  end of search list found
  collapse include dir [/home/wl/MyCompiler/gcc-linaro-4.9-2016.02-x86_64_arm-linux-gnueabihf/bin/../lib/gcc/arm-linux-gnueabihf/4.9.4/../../../../arm-linux-gnueabihf/include/c++/4.9.4] ==> [/home/wl/MyCompiler/gcc-linaro-4.9-2016.02-x86_64_arm-linux-gnueabihf/arm-linux-gnueabihf/include/c++/4.9.4]
  collapse include dir [/home/wl/MyCompiler/gcc-linaro-4.9-2016.02-x86_64_arm-linux-gnueabihf/bin/../lib/gcc/arm-linux-gnueabihf/4.9.4/../../../../arm-linux-gnueabihf/include/c++/4.9.4/arm-linux-gnueabihf/.] ==> [/home/wl/MyCompiler/gcc-linaro-4.9-2016.02-x86_64_arm-linux-gnueabihf/arm-linux-gnueabihf/include/c++/4.9.4/arm-linux-gnueabihf]
  collapse include dir [/home/wl/MyCompiler/gcc-linaro-4.9-2016.02-x86_64_arm-linux-gnueabihf/bin/../lib/gcc/arm-linux-gnueabihf/4.9.4/../../../../arm-linux-gnueabihf/include/c++/4.9.4/backward] ==> [/home/wl/MyCompiler/gcc-linaro-4.9-2016.02-x86_64_arm-linux-gnueabihf/arm-linux-gnueabihf/include/c++/4.9.4/backward]
  collapse include dir [/home/wl/MyCompiler/gcc-linaro-4.9-2016.02-x86_64_arm-linux-gnueabihf/bin/../lib/gcc/arm-linux-gnueabihf/4.9.4/include] ==> [/home/wl/MyCompiler/gcc-linaro-4.9-2016.02-x86_64_arm-linux-gnueabihf/lib/gcc/arm-linux-gnueabihf/4.9.4/include]
  collapse include dir [/home/wl/MyCompiler/gcc-linaro-4.9-2016.02-x86_64_arm-linux-gnueabihf/bin/../lib/gcc/arm-linux-gnueabihf/4.9.4/include-fixed] ==> [/home/wl/MyCompiler/gcc-linaro-4.9-2016.02-x86_64_arm-linux-gnueabihf/lib/gcc/arm-linux-gnueabihf/4.9.4/include-fixed]
  collapse include dir [/home/wl/MyCompiler/gcc-linaro-4.9-2016.02-x86_64_arm-linux-gnueabihf/bin/../lib/gcc/arm-linux-gnueabihf/4.9.4/../../../../arm-linux-gnueabihf/include] ==> [/home/wl/MyCompiler/gcc-linaro-4.9-2016.02-x86_64_arm-linux-gnueabihf/arm-linux-gnueabihf/include]
  collapse include dir [/home/wl/MyCompiler/gcc-linaro-4.9-2016.02-x86_64_arm-linux-gnueabihf/bin/../arm-linux-gnueabihf/libc/usr/include] ==> [/home/wl/MyCompiler/gcc-linaro-4.9-2016.02-x86_64_arm-linux-gnueabihf/arm-linux-gnueabihf/libc/usr/include]
  implicit include dirs: [/home/wl/MyCompiler/gcc-linaro-4.9-2016.02-x86_64_arm-linux-gnueabihf/arm-linux-gnueabihf/include/c++/4.9.4;/home/wl/MyCompiler/gcc-linaro-4.9-2016.02-x86_64_arm-linux-gnueabihf/arm-linux-gnueabihf/include/c++/4.9.4/arm-linux-gnueabihf;/home/wl/MyCompiler/gcc-linaro-4.9-2016.02-x86_64_arm-linux-gnueabihf/arm-linux-gnueabihf/include/c++/4.9.4/backward;/home/wl/MyCompiler/gcc-linaro-4.9-2016.02-x86_64_arm-linux-gnueabihf/lib/gcc/arm-linux-gnueabihf/4.9.4/include;/home/wl/MyCompiler/gcc-linaro-4.9-2016.02-x86_64_arm-linux-gnueabihf/lib/gcc/arm-linux-gnueabihf/4.9.4/include-fixed;/home/wl/MyCompiler/gcc-linaro-4.9-2016.02-x86_64_arm-linux-gnueabihf/arm-linux-gnueabihf/include;/home/wl/MyCompiler/gcc-linaro-4.9-2016.02-x86_64_arm-linux-gnueabihf/arm-linux-gnueabihf/libc/usr/include]


Parsed CXX implicit link information from above output:
  link line regex: [^( *|.*[/\])(ld|CMAKE_LINK_STARTFILE-NOTFOUND|([^/\]+-)?ld|collect2)[^/\]*( |$)]
  ignore line: [Change Dir: /home/wl/CLionProjects/car_8drv_Lite/cmakes/CMakeFiles/CMakeTmp]
  ignore line: []
  ignore line: [Run Build Command(s):/usr/bin/make cmTC_3884b/fast ]
  ignore line: [/usr/bin/make -f CMakeFiles/cmTC_3884b.dir/build.make CMakeFiles/cmTC_3884b.dir/build]
  ignore line: [make[1]: Entering directory '/home/wl/CLionProjects/car_8drv_Lite/cmakes/CMakeFiles/CMakeTmp']
  ignore line: [Building CXX object CMakeFiles/cmTC_3884b.dir/CMakeCXXCompilerABI.cpp.o]
  ignore line: [/home/wl/MyCompiler/gcc-linaro-4.9-2016.02-x86_64_arm-linux-gnueabihf/bin/arm-linux-gnueabihf-g++    -v -o CMakeFiles/cmTC_3884b.dir/CMakeCXXCompilerABI.cpp.o -c /home/wl/clion-2019.1.4/bin/cmake/linux/share/cmake-3.14/Modules/CMakeCXXCompilerABI.cpp]
  ignore line: [Using built-in specs.]
  ignore line: [COLLECT_GCC=/home/wl/MyCompiler/gcc-linaro-4.9-2016.02-x86_64_arm-linux-gnueabihf/bin/arm-linux-gnueabihf-g++]
  ignore line: [Target: arm-linux-gnueabihf]
  ignore line: [Configured with: /home/tcwg-buildslave/workspace/tcwg-make-release/label/tcwg-x86_64-ex40/target/arm-linux-gnueabihf/snapshots/gcc-linaro-4.9-2016.02/configure SHELL=/bin/bash --with-bugurl=https://bugs.linaro.org --with-mpc=/home/tcwg-buildslave/workspace/tcwg-make-release/label/tcwg-x86_64-ex40/target/arm-linux-gnueabihf/_build/builds/destdir/x86_64-unknown-linux-gnu --with-mpfr=/home/tcwg-buildslave/workspace/tcwg-make-release/label/tcwg-x86_64-ex40/target/arm-linux-gnueabihf/_build/builds/destdir/x86_64-unknown-linux-gnu --with-gmp=/home/tcwg-buildslave/workspace/tcwg-make-release/label/tcwg-x86_64-ex40/target/arm-linux-gnueabihf/_build/builds/destdir/x86_64-unknown-linux-gnu --with-gnu-as --with-gnu-ld --disable-libstdcxx-pch --disable-libmudflap --with-cloog=no --with-ppl=no --with-isl=no --disable-nls --enable-c99 --with-tune=cortex-a9 --with-arch=armv7-a --with-fpu=vfpv3-d16 --with-float=hard --with-mode=thumb --disable-multilib --enable-multiarch --with-build-sysroot=/home/tcwg-buildslave/workspace/tcwg-make-release/label/tcwg-x86_64-ex40/target/arm-linux-gnueabihf/_build/sysroots/arm-linux-gnueabihf --enable-lto --enable-linker-build-id --enable-long-long --enable-shared --with-sysroot=/home/tcwg-buildslave/workspace/tcwg-make-release/label/tcwg-x86_64-ex40/target/arm-linux-gnueabihf/_build/builds/destdir/x86_64-unknown-linux-gnu/arm-linux-gnueabihf/libc --enable-languages=c,c++,fortran,lto --enable-checking=release --disable-bootstrap --with-bugurl=https://bugs.linaro.org --build=x86_64-unknown-linux-gnu --host=x86_64-unknown-linux-gnu --target=arm-linux-gnueabihf --prefix=/home/tcwg-buildslave/workspace/tcwg-make-release/label/tcwg-x86_64-ex40/target/arm-linux-gnueabihf/_build/builds/destdir/x86_64-unknown-linux-gnu]
  ignore line: [Thread model: posix]
  ignore line: [gcc version 4.9.4 20151028 (prerelease) (Linaro GCC 4.9-2016.02) ]
  ignore line: [COLLECT_GCC_OPTIONS='-v' '-o' 'CMakeFiles/cmTC_3884b.dir/CMakeCXXCompilerABI.cpp.o' '-c' '-shared-libgcc' '-march=armv7-a' '-mtune=cortex-a9' '-mfloat-abi=hard' '-mfpu=vfpv3-d16' '-mthumb' '-mtls-dialect=gnu']
  ignore line: [ /home/wl/MyCompiler/gcc-linaro-4.9-2016.02-x86_64_arm-linux-gnueabihf/bin/../libexec/gcc/arm-linux-gnueabihf/4.9.4/cc1plus -quiet -v -imultilib . -imultiarch arm-linux-gnueabihf -iprefix /home/wl/MyCompiler/gcc-linaro-4.9-2016.02-x86_64_arm-linux-gnueabihf/bin/../lib/gcc/arm-linux-gnueabihf/4.9.4/ -isysroot /home/wl/MyCompiler/gcc-linaro-4.9-2016.02-x86_64_arm-linux-gnueabihf/bin/../arm-linux-gnueabihf/libc -D_GNU_SOURCE /home/wl/clion-2019.1.4/bin/cmake/linux/share/cmake-3.14/Modules/CMakeCXXCompilerABI.cpp -quiet -dumpbase CMakeCXXCompilerABI.cpp -march=armv7-a -mtune=cortex-a9 -mfloat-abi=hard -mfpu=vfpv3-d16 -mthumb -mtls-dialect=gnu -auxbase-strip CMakeFiles/cmTC_3884b.dir/CMakeCXXCompilerABI.cpp.o -version -o /tmp/cctO9PqV.s]
  ignore line: [GNU C++ (Linaro GCC 4.9-2016.02) version 4.9.4 20151028 (prerelease) (arm-linux-gnueabihf)]
  ignore line: [	compiled by GNU C version 4.9.2, GMP version 6.0.0, MPFR version 3.1.3, MPC version 1.0.3]
  ignore line: [GGC heuristics: --param ggc-min-expand=100 --param ggc-min-heapsize=131072]
  ignore line: [ignoring duplicate directory "/home/wl/MyCompiler/gcc-linaro-4.9-2016.02-x86_64_arm-linux-gnueabihf/bin/../lib/gcc/../../lib/gcc/arm-linux-gnueabihf/4.9.4/../../../../arm-linux-gnueabihf/include/c++/4.9.4"]
  ignore line: [ignoring duplicate directory "/home/wl/MyCompiler/gcc-linaro-4.9-2016.02-x86_64_arm-linux-gnueabihf/bin/../lib/gcc/../../lib/gcc/arm-linux-gnueabihf/4.9.4/../../../../arm-linux-gnueabihf/include/c++/4.9.4/arm-linux-gnueabihf/."]
  ignore line: [ignoring duplicate directory "/home/wl/MyCompiler/gcc-linaro-4.9-2016.02-x86_64_arm-linux-gnueabihf/bin/../lib/gcc/../../lib/gcc/arm-linux-gnueabihf/4.9.4/../../../../arm-linux-gnueabihf/include/c++/4.9.4/backward"]
  ignore line: [ignoring duplicate directory "/home/wl/MyCompiler/gcc-linaro-4.9-2016.02-x86_64_arm-linux-gnueabihf/bin/../lib/gcc/../../lib/gcc/arm-linux-gnueabihf/4.9.4/include"]
  ignore line: [ignoring nonexistent directory "/home/wl/MyCompiler/gcc-linaro-4.9-2016.02-x86_64_arm-linux-gnueabihf/bin/../arm-linux-gnueabihf/libc/usr/local/include/arm-linux-gnueabihf"]
  ignore line: [ignoring nonexistent directory "/home/wl/MyCompiler/gcc-linaro-4.9-2016.02-x86_64_arm-linux-gnueabihf/bin/../arm-linux-gnueabihf/libc/usr/local/include"]
  ignore line: [ignoring duplicate directory "/home/wl/MyCompiler/gcc-linaro-4.9-2016.02-x86_64_arm-linux-gnueabihf/bin/../lib/gcc/../../lib/gcc/arm-linux-gnueabihf/4.9.4/include-fixed"]
  ignore line: [ignoring duplicate directory "/home/wl/MyCompiler/gcc-linaro-4.9-2016.02-x86_64_arm-linux-gnueabihf/bin/../lib/gcc/../../lib/gcc/arm-linux-gnueabihf/4.9.4/../../../../arm-linux-gnueabihf/include"]
  ignore line: [ignoring nonexistent directory "/home/wl/MyCompiler/gcc-linaro-4.9-2016.02-x86_64_arm-linux-gnueabihf/bin/../arm-linux-gnueabihf/libc/usr/include/arm-linux-gnueabihf"]
  ignore line: [#include "..." search starts here:]
  ignore line: [#include <...> search starts here:]
  ignore line: [ /home/wl/MyCompiler/gcc-linaro-4.9-2016.02-x86_64_arm-linux-gnueabihf/bin/../lib/gcc/arm-linux-gnueabihf/4.9.4/../../../../arm-linux-gnueabihf/include/c++/4.9.4]
  ignore line: [ /home/wl/MyCompiler/gcc-linaro-4.9-2016.02-x86_64_arm-linux-gnueabihf/bin/../lib/gcc/arm-linux-gnueabihf/4.9.4/../../../../arm-linux-gnueabihf/include/c++/4.9.4/arm-linux-gnueabihf/.]
  ignore line: [ /home/wl/MyCompiler/gcc-linaro-4.9-2016.02-x86_64_arm-linux-gnueabihf/bin/../lib/gcc/arm-linux-gnueabihf/4.9.4/../../../../arm-linux-gnueabihf/include/c++/4.9.4/backward]
  ignore line: [ /home/wl/MyCompiler/gcc-linaro-4.9-2016.02-x86_64_arm-linux-gnueabihf/bin/../lib/gcc/arm-linux-gnueabihf/4.9.4/include]
  ignore line: [ /home/wl/MyCompiler/gcc-linaro-4.9-2016.02-x86_64_arm-linux-gnueabihf/bin/../lib/gcc/arm-linux-gnueabihf/4.9.4/include-fixed]
  ignore line: [ /home/wl/MyCompiler/gcc-linaro-4.9-2016.02-x86_64_arm-linux-gnueabihf/bin/../lib/gcc/arm-linux-gnueabihf/4.9.4/../../../../arm-linux-gnueabihf/include]
  ignore line: [ /home/wl/MyCompiler/gcc-linaro-4.9-2016.02-x86_64_arm-linux-gnueabihf/bin/../arm-linux-gnueabihf/libc/usr/include]
  ignore line: [End of search list.]
  ignore line: [GNU C++ (Linaro GCC 4.9-2016.02) version 4.9.4 20151028 (prerelease) (arm-linux-gnueabihf)]
  ignore line: [	compiled by GNU C version 4.9.2, GMP version 6.0.0, MPFR version 3.1.3, MPC version 1.0.3]
  ignore line: [GGC heuristics: --param ggc-min-expand=100 --param ggc-min-heapsize=131072]
  ignore line: [Compiler executable checksum: eb2e36f4c9ddf8a2d0a4631034a2e2f0]
  ignore line: [COLLECT_GCC_OPTIONS='-v' '-o' 'CMakeFiles/cmTC_3884b.dir/CMakeCXXCompilerABI.cpp.o' '-c' '-shared-libgcc' '-march=armv7-a' '-mtune=cortex-a9' '-mfloat-abi=hard' '-mfpu=vfpv3-d16' '-mthumb' '-mtls-dialect=gnu']
  ignore line: [ /home/wl/MyCompiler/gcc-linaro-4.9-2016.02-x86_64_arm-linux-gnueabihf/bin/../lib/gcc/arm-linux-gnueabihf/4.9.4/../../../../arm-linux-gnueabihf/bin/as -v -march=armv7-a -mfloat-abi=hard -mfpu=vfpv3-d16 -meabi=5 -o CMakeFiles/cmTC_3884b.dir/CMakeCXXCompilerABI.cpp.o /tmp/cctO9PqV.s]
  ignore line: [GNU assembler version 2.24.0 (arm-linux-gnueabihf) using BFD version (Linaro_Binutils-2016.02) 2.24.0.20141017 Linaro 2014_11-3-git]
  ignore line: [COMPILER_PATH=/home/wl/MyCompiler/gcc-linaro-4.9-2016.02-x86_64_arm-linux-gnueabihf/bin/../libexec/gcc/arm-linux-gnueabihf/4.9.4/:/home/wl/MyCompiler/gcc-linaro-4.9-2016.02-x86_64_arm-linux-gnueabihf/bin/../libexec/gcc/arm-linux-gnueabihf/:/home/wl/MyCompiler/gcc-linaro-4.9-2016.02-x86_64_arm-linux-gnueabihf/bin/../libexec/gcc/:/home/wl/MyCompiler/gcc-linaro-4.9-2016.02-x86_64_arm-linux-gnueabihf/bin/../lib/gcc/arm-linux-gnueabihf/4.9.4/../../../../arm-linux-gnueabihf/bin/]
  ignore line: [LIBRARY_PATH=/home/wl/MyCompiler/gcc-linaro-4.9-2016.02-x86_64_arm-linux-gnueabihf/bin/../lib/gcc/arm-linux-gnueabihf/4.9.4/:/home/wl/MyCompiler/gcc-linaro-4.9-2016.02-x86_64_arm-linux-gnueabihf/bin/../lib/gcc/arm-linux-gnueabihf/:/home/wl/MyCompiler/gcc-linaro-4.9-2016.02-x86_64_arm-linux-gnueabihf/bin/../lib/gcc/:/home/wl/MyCompiler/gcc-linaro-4.9-2016.02-x86_64_arm-linux-gnueabihf/bin/../lib/gcc/arm-linux-gnueabihf/4.9.4/../../../../arm-linux-gnueabihf/lib/:/home/wl/MyCompiler/gcc-linaro-4.9-2016.02-x86_64_arm-linux-gnueabihf/bin/../arm-linux-gnueabihf/libc/lib/:/home/wl/MyCompiler/gcc-linaro-4.9-2016.02-x86_64_arm-linux-gnueabihf/bin/../arm-linux-gnueabihf/libc/usr/lib/]
  ignore line: [COLLECT_GCC_OPTIONS='-v' '-o' 'CMakeFiles/cmTC_3884b.dir/CMakeCXXCompilerABI.cpp.o' '-c' '-shared-libgcc' '-march=armv7-a' '-mtune=cortex-a9' '-mfloat-abi=hard' '-mfpu=vfpv3-d16' '-mthumb' '-mtls-dialect=gnu']
  ignore line: [Linking CXX executable cmTC_3884b]
  ignore line: [/home/wl/clion-2019.1.4/bin/cmake/linux/bin/cmake -E cmake_link_script CMakeFiles/cmTC_3884b.dir/link.txt --verbose=1]
  ignore line: [/home/wl/MyCompiler/gcc-linaro-4.9-2016.02-x86_64_arm-linux-gnueabihf/bin/arm-linux-gnueabihf-g++      -v CMakeFiles/cmTC_3884b.dir/CMakeCXXCompilerABI.cpp.o  -o cmTC_3884b ]
  ignore line: [Using built-in specs.]
  ignore line: [COLLECT_GCC=/home/wl/MyCompiler/gcc-linaro-4.9-2016.02-x86_64_arm-linux-gnueabihf/bin/arm-linux-gnueabihf-g++]
  ignore line: [COLLECT_LTO_WRAPPER=/home/wl/MyCompiler/gcc-linaro-4.9-2016.02-x86_64_arm-linux-gnueabihf/bin/../libexec/gcc/arm-linux-gnueabihf/4.9.4/lto-wrapper]
  ignore line: [Target: arm-linux-gnueabihf]
  ignore line: [Configured with: /home/tcwg-buildslave/workspace/tcwg-make-release/label/tcwg-x86_64-ex40/target/arm-linux-gnueabihf/snapshots/gcc-linaro-4.9-2016.02/configure SHELL=/bin/bash --with-bugurl=https://bugs.linaro.org --with-mpc=/home/tcwg-buildslave/workspace/tcwg-make-release/label/tcwg-x86_64-ex40/target/arm-linux-gnueabihf/_build/builds/destdir/x86_64-unknown-linux-gnu --with-mpfr=/home/tcwg-buildslave/workspace/tcwg-make-release/label/tcwg-x86_64-ex40/target/arm-linux-gnueabihf/_build/builds/destdir/x86_64-unknown-linux-gnu --with-gmp=/home/tcwg-buildslave/workspace/tcwg-make-release/label/tcwg-x86_64-ex40/target/arm-linux-gnueabihf/_build/builds/destdir/x86_64-unknown-linux-gnu --with-gnu-as --with-gnu-ld --disable-libstdcxx-pch --disable-libmudflap --with-cloog=no --with-ppl=no --with-isl=no --disable-nls --enable-c99 --with-tune=cortex-a9 --with-arch=armv7-a --with-fpu=vfpv3-d16 --with-float=hard --with-mode=thumb --disable-multilib --enable-multiarch --with-build-sysroot=/home/tcwg-buildslave/workspace/tcwg-make-release/label/tcwg-x86_64-ex40/target/arm-linux-gnueabihf/_build/sysroots/arm-linux-gnueabihf --enable-lto --enable-linker-build-id --enable-long-long --enable-shared --with-sysroot=/home/tcwg-buildslave/workspace/tcwg-make-release/label/tcwg-x86_64-ex40/target/arm-linux-gnueabihf/_build/builds/destdir/x86_64-unknown-linux-gnu/arm-linux-gnueabihf/libc --enable-languages=c,c++,fortran,lto --enable-checking=release --disable-bootstrap --with-bugurl=https://bugs.linaro.org --build=x86_64-unknown-linux-gnu --host=x86_64-unknown-linux-gnu --target=arm-linux-gnueabihf --prefix=/home/tcwg-buildslave/workspace/tcwg-make-release/label/tcwg-x86_64-ex40/target/arm-linux-gnueabihf/_build/builds/destdir/x86_64-unknown-linux-gnu]
  ignore line: [Thread model: posix]
  ignore line: [gcc version 4.9.4 20151028 (prerelease) (Linaro GCC 4.9-2016.02) ]
  ignore line: [COMPILER_PATH=/home/wl/MyCompiler/gcc-linaro-4.9-2016.02-x86_64_arm-linux-gnueabihf/bin/../libexec/gcc/arm-linux-gnueabihf/4.9.4/:/home/wl/MyCompiler/gcc-linaro-4.9-2016.02-x86_64_arm-linux-gnueabihf/bin/../libexec/gcc/arm-linux-gnueabihf/:/home/wl/MyCompiler/gcc-linaro-4.9-2016.02-x86_64_arm-linux-gnueabihf/bin/../libexec/gcc/:/home/wl/MyCompiler/gcc-linaro-4.9-2016.02-x86_64_arm-linux-gnueabihf/bin/../lib/gcc/arm-linux-gnueabihf/4.9.4/../../../../arm-linux-gnueabihf/bin/]
  ignore line: [LIBRARY_PATH=/home/wl/MyCompiler/gcc-linaro-4.9-2016.02-x86_64_arm-linux-gnueabihf/bin/../lib/gcc/arm-linux-gnueabihf/4.9.4/:/home/wl/MyCompiler/gcc-linaro-4.9-2016.02-x86_64_arm-linux-gnueabihf/bin/../lib/gcc/arm-linux-gnueabihf/:/home/wl/MyCompiler/gcc-linaro-4.9-2016.02-x86_64_arm-linux-gnueabihf/bin/../lib/gcc/:/home/wl/MyCompiler/gcc-linaro-4.9-2016.02-x86_64_arm-linux-gnueabihf/bin/../lib/gcc/arm-linux-gnueabihf/4.9.4/../../../../arm-linux-gnueabihf/lib/:/home/wl/MyCompiler/gcc-linaro-4.9-2016.02-x86_64_arm-linux-gnueabihf/bin/../arm-linux-gnueabihf/libc/lib/:/home/wl/MyCompiler/gcc-linaro-4.9-2016.02-x86_64_arm-linux-gnueabihf/bin/../arm-linux-gnueabihf/libc/usr/lib/]
  ignore line: [COLLECT_GCC_OPTIONS='-v' '-o' 'cmTC_3884b' '-shared-libgcc' '-march=armv7-a' '-mtune=cortex-a9' '-mfloat-abi=hard' '-mfpu=vfpv3-d16' '-mthumb' '-mtls-dialect=gnu']
  link line: [ /home/wl/MyCompiler/gcc-linaro-4.9-2016.02-x86_64_arm-linux-gnueabihf/bin/../libexec/gcc/arm-linux-gnueabihf/4.9.4/collect2 -plugin /home/wl/MyCompiler/gcc-linaro-4.9-2016.02-x86_64_arm-linux-gnueabihf/bin/../libexec/gcc/arm-linux-gnueabihf/4.9.4/liblto_plugin.so -plugin-opt=/home/wl/MyCompiler/gcc-linaro-4.9-2016.02-x86_64_arm-linux-gnueabihf/bin/../libexec/gcc/arm-linux-gnueabihf/4.9.4/lto-wrapper -plugin-opt=-fresolution=/tmp/ccWG0rpk.res -plugin-opt=-pass-through=-lgcc_s -plugin-opt=-pass-through=-lgcc -plugin-opt=-pass-through=-lc -plugin-opt=-pass-through=-lgcc_s -plugin-opt=-pass-through=-lgcc --sysroot=/home/wl/MyCompiler/gcc-linaro-4.9-2016.02-x86_64_arm-linux-gnueabihf/bin/../arm-linux-gnueabihf/libc --build-id --eh-frame-hdr -dynamic-linker /lib/ld-linux-armhf.so.3 -X -m armelf_linux_eabi -o cmTC_3884b /home/wl/MyCompiler/gcc-linaro-4.9-2016.02-x86_64_arm-linux-gnueabihf/bin/../arm-linux-gnueabihf/libc/usr/lib/crt1.o /home/wl/MyCompiler/gcc-linaro-4.9-2016.02-x86_64_arm-linux-gnueabihf/bin/../arm-linux-gnueabihf/libc/usr/lib/crti.o /home/wl/MyCompiler/gcc-linaro-4.9-2016.02-x86_64_arm-linux-gnueabihf/bin/../lib/gcc/arm-linux-gnueabihf/4.9.4/crtbegin.o -L/home/wl/MyCompiler/gcc-linaro-4.9-2016.02-x86_64_arm-linux-gnueabihf/bin/../lib/gcc/arm-linux-gnueabihf/4.9.4 -L/home/wl/MyCompiler/gcc-linaro-4.9-2016.02-x86_64_arm-linux-gnueabihf/bin/../lib/gcc/arm-linux-gnueabihf -L/home/wl/MyCompiler/gcc-linaro-4.9-2016.02-x86_64_arm-linux-gnueabihf/bin/../lib/gcc -L/home/wl/MyCompiler/gcc-linaro-4.9-2016.02-x86_64_arm-linux-gnueabihf/bin/../lib/gcc/arm-linux-gnueabihf/4.9.4/../../../../arm-linux-gnueabihf/lib -L/home/wl/MyCompiler/gcc-linaro-4.9-2016.02-x86_64_arm-linux-gnueabihf/bin/../arm-linux-gnueabihf/libc/lib -L/home/wl/MyCompiler/gcc-linaro-4.9-2016.02-x86_64_arm-linux-gnueabihf/bin/../arm-linux-gnueabihf/libc/usr/lib CMakeFiles/cmTC_3884b.dir/CMakeCXXCompilerABI.cpp.o -lstdc++ -lm -lgcc_s -lgcc -lc -lgcc_s -lgcc /home/wl/MyCompiler/gcc-linaro-4.9-2016.02-x86_64_arm-linux-gnueabihf/bin/../lib/gcc/arm-linux-gnueabihf/4.9.4/crtend.o /home/wl/MyCompiler/gcc-linaro-4.9-2016.02-x86_64_arm-linux-gnueabihf/bin/../arm-linux-gnueabihf/libc/usr/lib/crtn.o]
    arg [/home/wl/MyCompiler/gcc-linaro-4.9-2016.02-x86_64_arm-linux-gnueabihf/bin/../libexec/gcc/arm-linux-gnueabihf/4.9.4/collect2] ==> ignore
    arg [-plugin] ==> ignore
    arg [/home/wl/MyCompiler/gcc-linaro-4.9-2016.02-x86_64_arm-linux-gnueabihf/bin/../libexec/gcc/arm-linux-gnueabihf/4.9.4/liblto_plugin.so] ==> ignore
    arg [-plugin-opt=/home/wl/MyCompiler/gcc-linaro-4.9-2016.02-x86_64_arm-linux-gnueabihf/bin/../libexec/gcc/arm-linux-gnueabihf/4.9.4/lto-wrapper] ==> ignore
    arg [-plugin-opt=-fresolution=/tmp/ccWG0rpk.res] ==> ignore
    arg [-plugin-opt=-pass-through=-lgcc_s] ==> ignore
    arg [-plugin-opt=-pass-through=-lgcc] ==> ignore
    arg [-plugin-opt=-pass-through=-lc] ==> ignore
    arg [-plugin-opt=-pass-through=-lgcc_s] ==> ignore
    arg [-plugin-opt=-pass-through=-lgcc] ==> ignore
    arg [--sysroot=/home/wl/MyCompiler/gcc-linaro-4.9-2016.02-x86_64_arm-linux-gnueabihf/bin/../arm-linux-gnueabihf/libc] ==> ignore
    arg [--build-id] ==> ignore
    arg [--eh-frame-hdr] ==> ignore
    arg [-dynamic-linker] ==> ignore
    arg [/lib/ld-linux-armhf.so.3] ==> ignore
    arg [-X] ==> ignore
    arg [-m] ==> ignore
    arg [armelf_linux_eabi] ==> ignore
    arg [-o] ==> ignore
    arg [cmTC_3884b] ==> ignore
    arg [/home/wl/MyCompiler/gcc-linaro-4.9-2016.02-x86_64_arm-linux-gnueabihf/bin/../arm-linux-gnueabihf/libc/usr/lib/crt1.o] ==> ignore
    arg [/home/wl/MyCompiler/gcc-linaro-4.9-2016.02-x86_64_arm-linux-gnueabihf/bin/../arm-linux-gnueabihf/libc/usr/lib/crti.o] ==> ignore
    arg [/home/wl/MyCompiler/gcc-linaro-4.9-2016.02-x86_64_arm-linux-gnueabihf/bin/../lib/gcc/arm-linux-gnueabihf/4.9.4/crtbegin.o] ==> ignore
    arg [-L/home/wl/MyCompiler/gcc-linaro-4.9-2016.02-x86_64_arm-linux-gnueabihf/bin/../lib/gcc/arm-linux-gnueabihf/4.9.4] ==> dir [/home/wl/MyCompiler/gcc-linaro-4.9-2016.02-x86_64_arm-linux-gnueabihf/bin/../lib/gcc/arm-linux-gnueabihf/4.9.4]
    arg [-L/home/wl/MyCompiler/gcc-linaro-4.9-2016.02-x86_64_arm-linux-gnueabihf/bin/../lib/gcc/arm-linux-gnueabihf] ==> dir [/home/wl/MyCompiler/gcc-linaro-4.9-2016.02-x86_64_arm-linux-gnueabihf/bin/../lib/gcc/arm-linux-gnueabihf]
    arg [-L/home/wl/MyCompiler/gcc-linaro-4.9-2016.02-x86_64_arm-linux-gnueabihf/bin/../lib/gcc] ==> dir [/home/wl/MyCompiler/gcc-linaro-4.9-2016.02-x86_64_arm-linux-gnueabihf/bin/../lib/gcc]
    arg [-L/home/wl/MyCompiler/gcc-linaro-4.9-2016.02-x86_64_arm-linux-gnueabihf/bin/../lib/gcc/arm-linux-gnueabihf/4.9.4/../../../../arm-linux-gnueabihf/lib] ==> dir [/home/wl/MyCompiler/gcc-linaro-4.9-2016.02-x86_64_arm-linux-gnueabihf/bin/../lib/gcc/arm-linux-gnueabihf/4.9.4/../../../../arm-linux-gnueabihf/lib]
    arg [-L/home/wl/MyCompiler/gcc-linaro-4.9-2016.02-x86_64_arm-linux-gnueabihf/bin/../arm-linux-gnueabihf/libc/lib] ==> dir [/home/wl/MyCompiler/gcc-linaro-4.9-2016.02-x86_64_arm-linux-gnueabihf/bin/../arm-linux-gnueabihf/libc/lib]
    arg [-L/home/wl/MyCompiler/gcc-linaro-4.9-2016.02-x86_64_arm-linux-gnueabihf/bin/../arm-linux-gnueabihf/libc/usr/lib] ==> dir [/home/wl/MyCompiler/gcc-linaro-4.9-2016.02-x86_64_arm-linux-gnueabihf/bin/../arm-linux-gnueabihf/libc/usr/lib]
    arg [CMakeFiles/cmTC_3884b.dir/CMakeCXXCompilerABI.cpp.o] ==> ignore
    arg [-lstdc++] ==> lib [stdc++]
    arg [-lm] ==> lib [m]
    arg [-lgcc_s] ==> lib [gcc_s]
    arg [-lgcc] ==> lib [gcc]
    arg [-lc] ==> lib [c]
    arg [-lgcc_s] ==> lib [gcc_s]
    arg [-lgcc] ==> lib [gcc]
    arg [/home/wl/MyCompiler/gcc-linaro-4.9-2016.02-x86_64_arm-linux-gnueabihf/bin/../lib/gcc/arm-linux-gnueabihf/4.9.4/crtend.o] ==> ignore
    arg [/home/wl/MyCompiler/gcc-linaro-4.9-2016.02-x86_64_arm-linux-gnueabihf/bin/../arm-linux-gnueabihf/libc/usr/lib/crtn.o] ==> ignore
  collapse library dir [/home/wl/MyCompiler/gcc-linaro-4.9-2016.02-x86_64_arm-linux-gnueabihf/bin/../lib/gcc/arm-linux-gnueabihf/4.9.4] ==> [/home/wl/MyCompiler/gcc-linaro-4.9-2016.02-x86_64_arm-linux-gnueabihf/lib/gcc/arm-linux-gnueabihf/4.9.4]
  collapse library dir [/home/wl/MyCompiler/gcc-linaro-4.9-2016.02-x86_64_arm-linux-gnueabihf/bin/../lib/gcc/arm-linux-gnueabihf] ==> [/home/wl/MyCompiler/gcc-linaro-4.9-2016.02-x86_64_arm-linux-gnueabihf/lib/gcc/arm-linux-gnueabihf]
  collapse library dir [/home/wl/MyCompiler/gcc-linaro-4.9-2016.02-x86_64_arm-linux-gnueabihf/bin/../lib/gcc] ==> [/home/wl/MyCompiler/gcc-linaro-4.9-2016.02-x86_64_arm-linux-gnueabihf/lib/gcc]
  collapse library dir [/home/wl/MyCompiler/gcc-linaro-4.9-2016.02-x86_64_arm-linux-gnueabihf/bin/../lib/gcc/arm-linux-gnueabihf/4.9.4/../../../../arm-linux-gnueabihf/lib] ==> [/home/wl/MyCompiler/gcc-linaro-4.9-2016.02-x86_64_arm-linux-gnueabihf/arm-linux-gnueabihf/lib]
  collapse library dir [/home/wl/MyCompiler/gcc-linaro-4.9-2016.02-x86_64_arm-linux-gnueabihf/bin/../arm-linux-gnueabihf/libc/lib] ==> [/home/wl/MyCompiler/gcc-linaro-4.9-2016.02-x86_64_arm-linux-gnueabihf/arm-linux-gnueabihf/libc/lib]
  collapse library dir [/home/wl/MyCompiler/gcc-linaro-4.9-2016.02-x86_64_arm-linux-gnueabihf/bin/../arm-linux-gnueabihf/libc/usr/lib] ==> [/home/wl/MyCompiler/gcc-linaro-4.9-2016.02-x86_64_arm-linux-gnueabihf/arm-linux-gnueabihf/libc/usr/lib]
  implicit libs: [stdc++;m;gcc_s;gcc;c;gcc_s;gcc]
  implicit dirs: [/home/wl/MyCompiler/gcc-linaro-4.9-2016.02-x86_64_arm-linux-gnueabihf/lib/gcc/arm-linux-gnueabihf/4.9.4;/home/wl/MyCompiler/gcc-linaro-4.9-2016.02-x86_64_arm-linux-gnueabihf/lib/gcc/arm-linux-gnueabihf;/home/wl/MyCompiler/gcc-linaro-4.9-2016.02-x86_64_arm-linux-gnueabihf/lib/gcc;/home/wl/MyCompiler/gcc-linaro-4.9-2016.02-x86_64_arm-linux-gnueabihf/arm-linux-gnueabihf/lib;/home/wl/MyCompiler/gcc-linaro-4.9-2016.02-x86_64_arm-linux-gnueabihf/arm-linux-gnueabihf/libc/lib;/home/wl/MyCompiler/gcc-linaro-4.9-2016.02-x86_64_arm-linux-gnueabihf/arm-linux-gnueabihf/libc/usr/lib]
  implicit fwks: []




Detecting CXX [-std=c++14] compiler features compiled with the following output:
Change Dir: /home/wl/CLionProjects/car_8drv_Lite/cmakes/CMakeFiles/CMakeTmp

Run Build Command(s):/usr/bin/make cmTC_ec67c/fast 
/usr/bin/make -f CMakeFiles/cmTC_ec67c.dir/build.make CMakeFiles/cmTC_ec67c.dir/build
make[1]: 进入目录“/home/wl/CLionProjects/car_8drv_Lite/cmakes/CMakeFiles/CMakeTmp”
Building CXX object CMakeFiles/cmTC_ec67c.dir/feature_tests.cxx.o
/home/wl/MyCompiler/gcc-linaro-4.9-2016.02-x86_64_arm-linux-gnueabihf/bin/arm-linux-gnueabihf-g++    -std=c++14 -o CMakeFiles/cmTC_ec67c.dir/feature_tests.cxx.o -c /home/wl/CLionProjects/car_8drv_Lite/cmakes/CMakeFiles/feature_tests.cxx
Linking CXX executable cmTC_ec67c
/home/wl/clion-2019.1.4/bin/cmake/linux/bin/cmake -E cmake_link_script CMakeFiles/cmTC_ec67c.dir/link.txt --verbose=1
/home/wl/MyCompiler/gcc-linaro-4.9-2016.02-x86_64_arm-linux-gnueabihf/bin/arm-linux-gnueabihf-g++       CMakeFiles/cmTC_ec67c.dir/feature_tests.cxx.o  -o cmTC_ec67c 
make[1]: 离开目录“/home/wl/CLionProjects/car_8drv_Lite/cmakes/CMakeFiles/CMakeTmp”


    Feature record: CXX_FEATURE:0cxx_aggregate_default_initializers
    Feature record: CXX_FEATURE:1cxx_alias_templates
    Feature record: CXX_FEATURE:1cxx_alignas
    Feature record: CXX_FEATURE:1cxx_alignof
    Feature record: CXX_FEATURE:1cxx_attributes
    Feature record: CXX_FEATURE:1cxx_attribute_deprecated
    Feature record: CXX_FEATURE:1cxx_auto_type
    Feature record: CXX_FEATURE:1cxx_binary_literals
    Feature record: CXX_FEATURE:1cxx_constexpr
    Feature record: CXX_FEATURE:1cxx_contextual_conversions
    Feature record: CXX_FEATURE:1cxx_decltype
    Feature record: CXX_FEATURE:1cxx_decltype_auto
    Feature record: CXX_FEATURE:1cxx_decltype_incomplete_return_types
    Feature record: CXX_FEATURE:1cxx_default_function_template_args
    Feature record: CXX_FEATURE:1cxx_defaulted_functions
    Feature record: CXX_FEATURE:1cxx_defaulted_move_initializers
    Feature record: CXX_FEATURE:1cxx_delegating_constructors
    Feature record: CXX_FEATURE:1cxx_deleted_functions
    Feature record: CXX_FEATURE:1cxx_digit_separators
    Feature record: CXX_FEATURE:1cxx_enum_forward_declarations
    Feature record: CXX_FEATURE:1cxx_explicit_conversions
    Feature record: CXX_FEATURE:1cxx_extended_friend_declarations
    Feature record: CXX_FEATURE:1cxx_extern_templates
    Feature record: CXX_FEATURE:1cxx_final
    Feature record: CXX_FEATURE:1cxx_func_identifier
    Feature record: CXX_FEATURE:1cxx_generalized_initializers
    Feature record: CXX_FEATURE:1cxx_generic_lambdas
    Feature record: CXX_FEATURE:1cxx_inheriting_constructors
    Feature record: CXX_FEATURE:1cxx_inline_namespaces
    Feature record: CXX_FEATURE:1cxx_lambdas
    Feature record: CXX_FEATURE:1cxx_lambda_init_captures
    Feature record: CXX_FEATURE:1cxx_local_type_template_args
    Feature record: CXX_FEATURE:1cxx_long_long_type
    Feature record: CXX_FEATURE:1cxx_noexcept
    Feature record: CXX_FEATURE:1cxx_nonstatic_member_init
    Feature record: CXX_FEATURE:1cxx_nullptr
    Feature record: CXX_FEATURE:1cxx_override
    Feature record: CXX_FEATURE:1cxx_range_for
    Feature record: CXX_FEATURE:1cxx_raw_string_literals
    Feature record: CXX_FEATURE:1cxx_reference_qualified_functions
    Feature record: CXX_FEATURE:0cxx_relaxed_constexpr
    Feature record: CXX_FEATURE:1cxx_return_type_deduction
    Feature record: CXX_FEATURE:1cxx_right_angle_brackets
    Feature record: CXX_FEATURE:1cxx_rvalue_references
    Feature record: CXX_FEATURE:1cxx_sizeof_member
    Feature record: CXX_FEATURE:1cxx_static_assert
    Feature record: CXX_FEATURE:1cxx_strong_enums
    Feature record: CXX_FEATURE:1cxx_template_template_parameters
    Feature record: CXX_FEATURE:1cxx_thread_local
    Feature record: CXX_FEATURE:1cxx_trailing_return_types
    Feature record: CXX_FEATURE:1cxx_unicode_literals
    Feature record: CXX_FEATURE:1cxx_uniform_initialization
    Feature record: CXX_FEATURE:1cxx_unrestricted_unions
    Feature record: CXX_FEATURE:1cxx_user_literals
    Feature record: CXX_FEATURE:0cxx_variable_templates
    Feature record: CXX_FEATURE:1cxx_variadic_macros
    Feature record: CXX_FEATURE:1cxx_variadic_templates


Detecting CXX [-std=c++11] compiler features compiled with the following output:
Change Dir: /home/wl/CLionProjects/car_8drv_Lite/cmakes/CMakeFiles/CMakeTmp

Run Build Command(s):/usr/bin/make cmTC_ca70e/fast 
/usr/bin/make -f CMakeFiles/cmTC_ca70e.dir/build.make CMakeFiles/cmTC_ca70e.dir/build
make[1]: 进入目录“/home/wl/CLionProjects/car_8drv_Lite/cmakes/CMakeFiles/CMakeTmp”
Building CXX object CMakeFiles/cmTC_ca70e.dir/feature_tests.cxx.o
/home/wl/MyCompiler/gcc-linaro-4.9-2016.02-x86_64_arm-linux-gnueabihf/bin/arm-linux-gnueabihf-g++    -std=c++11 -o CMakeFiles/cmTC_ca70e.dir/feature_tests.cxx.o -c /home/wl/CLionProjects/car_8drv_Lite/cmakes/CMakeFiles/feature_tests.cxx
Linking CXX executable cmTC_ca70e
/home/wl/clion-2019.1.4/bin/cmake/linux/bin/cmake -E cmake_link_script CMakeFiles/cmTC_ca70e.dir/link.txt --verbose=1
/home/wl/MyCompiler/gcc-linaro-4.9-2016.02-x86_64_arm-linux-gnueabihf/bin/arm-linux-gnueabihf-g++       CMakeFiles/cmTC_ca70e.dir/feature_tests.cxx.o  -o cmTC_ca70e 
make[1]: 离开目录“/home/wl/CLionProjects/car_8drv_Lite/cmakes/CMakeFiles/CMakeTmp”


    Feature record: CXX_FEATURE:0cxx_aggregate_default_initializers
    Feature record: CXX_FEATURE:1cxx_alias_templates
    Feature record: CXX_FEATURE:1cxx_alignas
    Feature record: CXX_FEATURE:1cxx_alignof
    Feature record: CXX_FEATURE:1cxx_attributes
    Feature record: CXX_FEATURE:0cxx_attribute_deprecated
    Feature record: CXX_FEATURE:1cxx_auto_type
    Feature record: CXX_FEATURE:0cxx_binary_literals
    Feature record: CXX_FEATURE:1cxx_constexpr
    Feature record: CXX_FEATURE:0cxx_contextual_conversions
    Feature record: CXX_FEATURE:1cxx_decltype
    Feature record: CXX_FEATURE:0cxx_decltype_auto
    Feature record: CXX_FEATURE:1cxx_decltype_incomplete_return_types
    Feature record: CXX_FEATURE:1cxx_default_function_template_args
    Feature record: CXX_FEATURE:1cxx_defaulted_functions
    Feature record: CXX_FEATURE:1cxx_defaulted_move_initializers
    Feature record: CXX_FEATURE:1cxx_delegating_constructors
    Feature record: CXX_FEATURE:1cxx_deleted_functions
    Feature record: CXX_FEATURE:0cxx_digit_separators
    Feature record: CXX_FEATURE:1cxx_enum_forward_declarations
    Feature record: CXX_FEATURE:1cxx_explicit_conversions
    Feature record: CXX_FEATURE:1cxx_extended_friend_declarations
    Feature record: CXX_FEATURE:1cxx_extern_templates
    Feature record: CXX_FEATURE:1cxx_final
    Feature record: CXX_FEATURE:1cxx_func_identifier
    Feature record: CXX_FEATURE:1cxx_generalized_initializers
    Feature record: CXX_FEATURE:0cxx_generic_lambdas
    Feature record: CXX_FEATURE:1cxx_inheriting_constructors
    Feature record: CXX_FEATURE:1cxx_inline_namespaces
    Feature record: CXX_FEATURE:1cxx_lambdas
    Feature record: CXX_FEATURE:0cxx_lambda_init_captures
    Feature record: CXX_FEATURE:1cxx_local_type_template_args
    Feature record: CXX_FEATURE:1cxx_long_long_type
    Feature record: CXX_FEATURE:1cxx_noexcept
    Feature record: CXX_FEATURE:1cxx_nonstatic_member_init
    Feature record: CXX_FEATURE:1cxx_nullptr
    Feature record: CXX_FEATURE:1cxx_override
    Feature record: CXX_FEATURE:1cxx_range_for
    Feature record: CXX_FEATURE:1cxx_raw_string_literals
    Feature record: CXX_FEATURE:1cxx_reference_qualified_functions
    Feature record: CXX_FEATURE:0cxx_relaxed_constexpr
    Feature record: CXX_FEATURE:0cxx_return_type_deduction
    Feature record: CXX_FEATURE:1cxx_right_angle_brackets
    Feature record: CXX_FEATURE:1cxx_rvalue_references
    Feature record: CXX_FEATURE:1cxx_sizeof_member
    Feature record: CXX_FEATURE:1cxx_static_assert
    Feature record: CXX_FEATURE:1cxx_strong_enums
    Feature record: CXX_FEATURE:1cxx_template_template_parameters
    Feature record: CXX_FEATURE:1cxx_thread_local
    Feature record: CXX_FEATURE:1cxx_trailing_return_types
    Feature record: CXX_FEATURE:1cxx_unicode_literals
    Feature record: CXX_FEATURE:1cxx_uniform_initialization
    Feature record: CXX_FEATURE:1cxx_unrestricted_unions
    Feature record: CXX_FEATURE:1cxx_user_literals
    Feature record: CXX_FEATURE:0cxx_variable_templates
    Feature record: CXX_FEATURE:1cxx_variadic_macros
    Feature record: CXX_FEATURE:1cxx_variadic_templates


Detecting CXX [-std=c++98] compiler features compiled with the following output:
Change Dir: /home/wl/CLionProjects/car_8drv_Lite/cmakes/CMakeFiles/CMakeTmp

Run Build Command(s):/usr/bin/make cmTC_c4011/fast 
/usr/bin/make -f CMakeFiles/cmTC_c4011.dir/build.make CMakeFiles/cmTC_c4011.dir/build
make[1]: 进入目录“/home/wl/CLionProjects/car_8drv_Lite/cmakes/CMakeFiles/CMakeTmp”
Building CXX object CMakeFiles/cmTC_c4011.dir/feature_tests.cxx.o
/home/wl/MyCompiler/gcc-linaro-4.9-2016.02-x86_64_arm-linux-gnueabihf/bin/arm-linux-gnueabihf-g++    -std=c++98 -o CMakeFiles/cmTC_c4011.dir/feature_tests.cxx.o -c /home/wl/CLionProjects/car_8drv_Lite/cmakes/CMakeFiles/feature_tests.cxx
Linking CXX executable cmTC_c4011
/home/wl/clion-2019.1.4/bin/cmake/linux/bin/cmake -E cmake_link_script CMakeFiles/cmTC_c4011.dir/link.txt --verbose=1
/home/wl/MyCompiler/gcc-linaro-4.9-2016.02-x86_64_arm-linux-gnueabihf/bin/arm-linux-gnueabihf-g++       CMakeFiles/cmTC_c4011.dir/feature_tests.cxx.o  -o cmTC_c4011 
make[1]: 离开目录“/home/wl/CLionProjects/car_8drv_Lite/cmakes/CMakeFiles/CMakeTmp”


    Feature record: CXX_FEATURE:0cxx_aggregate_default_initializers
    Feature record: CXX_FEATURE:0cxx_alias_templates
    Feature record: CXX_FEATURE:0cxx_alignas
    Feature record: CXX_FEATURE:0cxx_alignof
    Feature record: CXX_FEATURE:0cxx_attributes
    Feature record: CXX_FEATURE:0cxx_attribute_deprecated
    Feature record: CXX_FEATURE:0cxx_auto_type
    Feature record: CXX_FEATURE:0cxx_binary_literals
    Feature record: CXX_FEATURE:0cxx_constexpr
    Feature record: CXX_FEATURE:0cxx_contextual_conversions
    Feature record: CXX_FEATURE:0cxx_decltype
    Feature record: CXX_FEATURE:0cxx_decltype_auto
    Feature record: CXX_FEATURE:0cxx_decltype_incomplete_return_types
    Feature record: CXX_FEATURE:0cxx_default_function_template_args
    Feature record: CXX_FEATURE:0cxx_defaulted_functions
    Feature record: CXX_FEATURE:0cxx_defaulted_move_initializers
    Feature record: CXX_FEATURE:0cxx_delegating_constructors
    Feature record: CXX_FEATURE:0cxx_deleted_functions
    Feature record: CXX_FEATURE:0cxx_digit_separators
    Feature record: CXX_FEATURE:0cxx_enum_forward_declarations
    Feature record: CXX_FEATURE:0cxx_explicit_conversions
    Feature record: CXX_FEATURE:0cxx_extended_friend_declarations
    Feature record: CXX_FEATURE:0cxx_extern_templates
    Feature record: CXX_FEATURE:0cxx_final
    Feature record: CXX_FEATURE:0cxx_func_identifier
    Feature record: CXX_FEATURE:0cxx_generalized_initializers
    Feature record: CXX_FEATURE:0cxx_generic_lambdas
    Feature record: CXX_FEATURE:0cxx_inheriting_constructors
    Feature record: CXX_FEATURE:0cxx_inline_namespaces
    Feature record: CXX_FEATURE:0cxx_lambdas
    Feature record: CXX_FEATURE:0cxx_lambda_init_captures
    Feature record: CXX_FEATURE:0cxx_local_type_template_args
    Feature record: CXX_FEATURE:0cxx_long_long_type
    Feature record: CXX_FEATURE:0cxx_noexcept
    Feature record: CXX_FEATURE:0cxx_nonstatic_member_init
    Feature record: CXX_FEATURE:0cxx_nullptr
    Feature record: CXX_FEATURE:0cxx_override
    Feature record: CXX_FEATURE:0cxx_range_for
    Feature record: CXX_FEATURE:0cxx_raw_string_literals
    Feature record: CXX_FEATURE:0cxx_reference_qualified_functions
    Feature record: CXX_FEATURE:0cxx_relaxed_constexpr
    Feature record: CXX_FEATURE:0cxx_return_type_deduction
    Feature record: CXX_FEATURE:0cxx_right_angle_brackets
    Feature record: CXX_FEATURE:0cxx_rvalue_references
    Feature record: CXX_FEATURE:0cxx_sizeof_member
    Feature record: CXX_FEATURE:0cxx_static_assert
    Feature record: CXX_FEATURE:0cxx_strong_enums
    Feature record: CXX_FEATURE:1cxx_template_template_parameters
    Feature record: CXX_FEATURE:0cxx_thread_local
    Feature record: CXX_FEATURE:0cxx_trailing_return_types
    Feature record: CXX_FEATURE:0cxx_unicode_literals
    Feature record: CXX_FEATURE:0cxx_uniform_initialization
    Feature record: CXX_FEATURE:0cxx_unrestricted_unions
    Feature record: CXX_FEATURE:0cxx_user_literals
    Feature record: CXX_FEATURE:0cxx_variable_templates
    Feature record: CXX_FEATURE:0cxx_variadic_macros
    Feature record: CXX_FEATURE:0cxx_variadic_templates
Determining if the include file pthread.h exists passed with the following output:
Change Dir: /home/wl/CLionProjects/car_8drv_Lite/cmakes/CMakeFiles/CMakeTmp

Run Build Command(s):/usr/bin/make cmTC_2c7a5/fast 
/usr/bin/make -f CMakeFiles/cmTC_2c7a5.dir/build.make CMakeFiles/cmTC_2c7a5.dir/build
make[1]: 进入目录“/home/wl/CLionProjects/car_8drv_Lite/cmakes/CMakeFiles/CMakeTmp”
Building C object CMakeFiles/cmTC_2c7a5.dir/CheckIncludeFile.c.o
/home/wl/MyCompiler/gcc-linaro-4.9-2016.02-x86_64_arm-linux-gnueabihf/bin/arm-linux-gnueabihf-gcc    -o CMakeFiles/cmTC_2c7a5.dir/CheckIncludeFile.c.o   -c /home/wl/CLionProjects/car_8drv_Lite/cmakes/CMakeFiles/CMakeTmp/CheckIncludeFile.c
Linking C executable cmTC_2c7a5
/home/wl/clion-2019.1.4/bin/cmake/linux/bin/cmake -E cmake_link_script CMakeFiles/cmTC_2c7a5.dir/link.txt --verbose=1
/home/wl/MyCompiler/gcc-linaro-4.9-2016.02-x86_64_arm-linux-gnueabihf/bin/arm-linux-gnueabihf-gcc      CMakeFiles/cmTC_2c7a5.dir/CheckIncludeFile.c.o  -o cmTC_2c7a5 
make[1]: 离开目录“/home/wl/CLionProjects/car_8drv_Lite/cmakes/CMakeFiles/CMakeTmp”


Determining if the function pthread_create exists in the pthread passed with the following output:
Change Dir: /home/wl/CLionProjects/car_8drv_Lite/cmakes/CMakeFiles/CMakeTmp

Run Build Command(s):/usr/bin/make cmTC_efc1c/fast 
/usr/bin/make -f CMakeFiles/cmTC_efc1c.dir/build.make CMakeFiles/cmTC_efc1c.dir/build
make[1]: 进入目录“/home/wl/CLionProjects/car_8drv_Lite/cmakes/CMakeFiles/CMakeTmp”
Building C object CMakeFiles/cmTC_efc1c.dir/CheckFunctionExists.c.o
/home/wl/MyCompiler/gcc-linaro-4.9-2016.02-x86_64_arm-linux-gnueabihf/bin/arm-linux-gnueabihf-gcc   -DCHECK_FUNCTION_EXISTS=pthread_create   -o CMakeFiles/cmTC_efc1c.dir/CheckFunctionExists.c.o   -c /home/wl/clion-2019.1.4/bin/cmake/linux/share/cmake-3.14/Modules/CheckFunctionExists.c
Linking C executable cmTC_efc1c
/home/wl/clion-2019.1.4/bin/cmake/linux/bin/cmake -E cmake_link_script CMakeFiles/cmTC_efc1c.dir/link.txt --verbose=1
/home/wl/MyCompiler/gcc-linaro-4.9-2016.02-x86_64_arm-linux-gnueabihf/bin/arm-linux-gnueabihf-gcc  -DCHECK_FUNCTION_EXISTS=pthread_create    CMakeFiles/cmTC_efc1c.dir/CheckFunctionExists.c.o  -o cmTC_efc1c -lpthread 
make[1]: 离开目录“/home/wl/CLionProjects/car_8drv_Lite/cmakes/CMakeFiles/CMakeTmp”


