Determining if the pthread_create exist failed with the following output:
Change Dir: /home/wl/CLionProjects/car_8drv_Lite/cmakes/CMakeFiles/CMakeTmp

Run Build Command(s):/usr/bin/make cmTC_bf848/fast 
/usr/bin/make -f CMakeFiles/cmTC_bf848.dir/build.make CMakeFiles/cmTC_bf848.dir/build
make[1]: 进入目录“/home/wl/CLionProjects/car_8drv_Lite/cmakes/CMakeFiles/CMakeTmp”
Building C object CMakeFiles/cmTC_bf848.dir/CheckSymbolExists.c.o
/home/wl/MyCompiler/gcc-linaro-4.9-2016.02-x86_64_arm-linux-gnueabihf/bin/arm-linux-gnueabihf-gcc    -o CMakeFiles/cmTC_bf848.dir/CheckSymbolExists.c.o   -c /home/wl/CLionProjects/car_8drv_Lite/cmakes/CMakeFiles/CMakeTmp/CheckSymbolExists.c
Linking C executable cmTC_bf848
/home/wl/clion-2019.1.4/bin/cmake/linux/bin/cmake -E cmake_link_script CMakeFiles/cmTC_bf848.dir/link.txt --verbose=1
/home/wl/MyCompiler/gcc-linaro-4.9-2016.02-x86_64_arm-linux-gnueabihf/bin/arm-linux-gnueabihf-gcc      CMakeFiles/cmTC_bf848.dir/CheckSymbolExists.c.o  -o cmTC_bf848 
CMakeFiles/cmTC_bf848.dir/CheckSymbolExists.c.o: In function `main':
CheckSymbolExists.c:(.text+0xe): undefined reference to `pthread_create'
CheckSymbolExists.c:(.text+0x12): undefined reference to `pthread_create'
collect2: error: ld returned 1 exit status
make[1]: *** [CMakeFiles/cmTC_bf848.dir/build.make:87：cmTC_bf848] 错误 1
make[1]: 离开目录“/home/wl/CLionProjects/car_8drv_Lite/cmakes/CMakeFiles/CMakeTmp”
make: *** [Makefile:121：cmTC_bf848/fast] 错误 2

File /home/wl/CLionProjects/car_8drv_Lite/cmakes/CMakeFiles/CMakeTmp/CheckSymbolExists.c:
/* */
#include <pthread.h>

int main(int argc, char** argv)
{
  (void)argv;
#ifndef pthread_create
  return ((int*)(&pthread_create))[argc];
#else
  (void)argc;
  return 0;
#endif
}

Determining if the function pthread_create exists in the pthreads failed with the following output:
Change Dir: /home/wl/CLionProjects/car_8drv_Lite/cmakes/CMakeFiles/CMakeTmp

Run Build Command(s):/usr/bin/make cmTC_911b7/fast 
/usr/bin/make -f CMakeFiles/cmTC_911b7.dir/build.make CMakeFiles/cmTC_911b7.dir/build
make[1]: 进入目录“/home/wl/CLionProjects/car_8drv_Lite/cmakes/CMakeFiles/CMakeTmp”
Building C object CMakeFiles/cmTC_911b7.dir/CheckFunctionExists.c.o
/home/wl/MyCompiler/gcc-linaro-4.9-2016.02-x86_64_arm-linux-gnueabihf/bin/arm-linux-gnueabihf-gcc   -DCHECK_FUNCTION_EXISTS=pthread_create   -o CMakeFiles/cmTC_911b7.dir/CheckFunctionExists.c.o   -c /home/wl/clion-2019.1.4/bin/cmake/linux/share/cmake-3.14/Modules/CheckFunctionExists.c
Linking C executable cmTC_911b7
/home/wl/clion-2019.1.4/bin/cmake/linux/bin/cmake -E cmake_link_script CMakeFiles/cmTC_911b7.dir/link.txt --verbose=1
/home/wl/MyCompiler/gcc-linaro-4.9-2016.02-x86_64_arm-linux-gnueabihf/bin/arm-linux-gnueabihf-gcc  -DCHECK_FUNCTION_EXISTS=pthread_create    CMakeFiles/cmTC_911b7.dir/CheckFunctionExists.c.o  -o cmTC_911b7 -lpthreads 
/home/wl/MyCompiler/gcc-linaro-4.9-2016.02-x86_64_arm-linux-gnueabihf/bin/../lib/gcc/arm-linux-gnueabihf/4.9.4/../../../../arm-linux-gnueabihf/bin/ld: 找不到 -lpthreads
collect2: error: ld returned 1 exit status
make[1]: *** [CMakeFiles/cmTC_911b7.dir/build.make:87：cmTC_911b7] 错误 1
make[1]: 离开目录“/home/wl/CLionProjects/car_8drv_Lite/cmakes/CMakeFiles/CMakeTmp”
make: *** [Makefile:121：cmTC_911b7/fast] 错误 2


