Determining if the pthread_create exist failed with the following output:
Change Dir: /home/wl/CLionProjects/car_8drv_20220928/car_8drv/cmake-build-debug/CMakeFiles/CMakeTmp

Run Build Command(s):/usr/bin/make cmTC_92e48/fast 
/usr/bin/make -f CMakeFiles/cmTC_92e48.dir/build.make CMakeFiles/cmTC_92e48.dir/build
make[1]: 进入目录“/home/wl/CLionProjects/car_8drv_20220928/car_8drv/cmake-build-debug/CMakeFiles/CMakeTmp”
Building C object CMakeFiles/cmTC_92e48.dir/CheckSymbolExists.c.o
/home/wl/compiler/gcc-linaro-4.9-2016.02-x86_64_arm-linux-gnueabihf/bin/arm-linux-gnueabihf-gcc    -o CMakeFiles/cmTC_92e48.dir/CheckSymbolExists.c.o   -c /home/wl/CLionProjects/car_8drv_20220928/car_8drv/cmake-build-debug/CMakeFiles/CMakeTmp/CheckSymbolExists.c
Linking C executable cmTC_92e48
/home/wl/clion-2019.1.4/bin/cmake/linux/bin/cmake -E cmake_link_script CMakeFiles/cmTC_92e48.dir/link.txt --verbose=1
/home/wl/compiler/gcc-linaro-4.9-2016.02-x86_64_arm-linux-gnueabihf/bin/arm-linux-gnueabihf-gcc      CMakeFiles/cmTC_92e48.dir/CheckSymbolExists.c.o  -o cmTC_92e48 
CMakeFiles/cmTC_92e48.dir/CheckSymbolExists.c.o：在函数‘main’中：
CheckSymbolExists.c:(.text+0xe)：对‘pthread_create’未定义的引用
CheckSymbolExists.c:(.text+0x12)：对‘pthread_create’未定义的引用
collect2: error: ld returned 1 exit status
CMakeFiles/cmTC_92e48.dir/build.make:86: recipe for target 'cmTC_92e48' failed
make[1]: *** [cmTC_92e48] Error 1
make[1]: 离开目录“/home/wl/CLionProjects/car_8drv_20220928/car_8drv/cmake-build-debug/CMakeFiles/CMakeTmp”
Makefile:121: recipe for target 'cmTC_92e48/fast' failed
make: *** [cmTC_92e48/fast] Error 2

File /home/wl/CLionProjects/car_8drv_20220928/car_8drv/cmake-build-debug/CMakeFiles/CMakeTmp/CheckSymbolExists.c:
/* */
#include <pthread.h>

int main(int argc, char** argv)
{
  (void)argv;
#ifndef pthread_create
  return ((int*)(&pthread_create))[argc];
#else
  (void)argc;
  return 0;
#endif
}

Determining if the function pthread_create exists in the pthreads failed with the following output:
Change Dir: /home/wl/CLionProjects/car_8drv_20220928/car_8drv/cmake-build-debug/CMakeFiles/CMakeTmp

Run Build Command(s):/usr/bin/make cmTC_bd9ef/fast 
/usr/bin/make -f CMakeFiles/cmTC_bd9ef.dir/build.make CMakeFiles/cmTC_bd9ef.dir/build
make[1]: 进入目录“/home/wl/CLionProjects/car_8drv_20220928/car_8drv/cmake-build-debug/CMakeFiles/CMakeTmp”
Building C object CMakeFiles/cmTC_bd9ef.dir/CheckFunctionExists.c.o
/home/wl/compiler/gcc-linaro-4.9-2016.02-x86_64_arm-linux-gnueabihf/bin/arm-linux-gnueabihf-gcc   -DCHECK_FUNCTION_EXISTS=pthread_create   -o CMakeFiles/cmTC_bd9ef.dir/CheckFunctionExists.c.o   -c /home/wl/clion-2019.1.4/bin/cmake/linux/share/cmake-3.14/Modules/CheckFunctionExists.c
Linking C executable cmTC_bd9ef
/home/wl/clion-2019.1.4/bin/cmake/linux/bin/cmake -E cmake_link_script CMakeFiles/cmTC_bd9ef.dir/link.txt --verbose=1
/home/wl/compiler/gcc-linaro-4.9-2016.02-x86_64_arm-linux-gnueabihf/bin/arm-linux-gnueabihf-gcc  -DCHECK_FUNCTION_EXISTS=pthread_create    CMakeFiles/cmTC_bd9ef.dir/CheckFunctionExists.c.o  -o cmTC_bd9ef -lpthreads 
/home/wl/compiler/gcc-linaro-4.9-2016.02-x86_64_arm-linux-gnueabihf/bin/../lib/gcc/arm-linux-gnueabihf/4.9.4/../../../../arm-linux-gnueabihf/bin/ld: 找不到 -lpthreads
collect2: error: ld returned 1 exit status
CMakeFiles/cmTC_bd9ef.dir/build.make:86: recipe for target 'cmTC_bd9ef' failed
make[1]: *** [cmTC_bd9ef] Error 1
make[1]: 离开目录“/home/wl/CLionProjects/car_8drv_20220928/car_8drv/cmake-build-debug/CMakeFiles/CMakeTmp”
Makefile:121: recipe for target 'cmTC_bd9ef/fast' failed
make: *** [cmTC_bd9ef/fast] Error 2


